<?xml version="1.0" encoding="UTF-8"?>
<!-- Generated by org.testng.reporters.JUnitReportReporter -->
<testsuite hostname="LAPTOP-PG23OKAD" failures="0" tests="1" name="com.test.test1" time="0.012" errors="0" timestamp="2022-02-12T06:59:59 IST" skipped="0">
  <testcase classname="com.test.test1" name="login" time="0.012"/>
  <system-out/>
</testsuite> <!-- com.test.test1 -->
