<?xml version="1.0" encoding="UTF-8"?>
<!-- Generated by org.testng.reporters.JUnitReportReporter -->
<testsuite hostname="LAPTOP-PG23OKAD" failures="0" tests="1" name="com.DownloadDemo.FileDownloadChrome" time="9.461" errors="0" timestamp="2022-03-17T06:54:55 IST" skipped="0">
  <testcase classname="com.DownloadDemo.FileDownloadChrome" name="DownloadFile" time="9.461"/>
  <system-out/>
</testsuite> <!-- com.DownloadDemo.FileDownloadChrome -->
