<?xml version="1.0" encoding="UTF-8"?>
<!-- Generated by org.testng.reporters.JUnitReportReporter -->
<testsuite hostname="LAPTOP-PG23OKAD" failures="0" tests="1" name="com.PrintListData.Javatpoint3" time="45.676" errors="0" timestamp="2022-03-18T16:01:30 IST" skipped="0">
  <testcase classname="com.PrintListData.Javatpoint3" name="PrintData" time="45.676"/>
  <system-out/>
</testsuite> <!-- com.PrintListData.Javatpoint3 -->
