<?xml version="1.0" encoding="UTF-8"?>
<!-- Generated by org.testng.reporters.JUnitReportReporter -->
<testsuite hostname="LAPTOP-PG23OKAD" failures="0" tests="3" name="com.AnnotationsAfterbefore.Annotations" time="0.010" errors="0" timestamp="2022-02-28T14:04:20 IST" skipped="0">
  <testcase classname="com.AnnotationsAfterbefore.Annotations" name="flow3" time="0.005"/>
  <system-out/>
  <testcase classname="com.AnnotationsAfterbefore.Annotations" name="flow2" time="0.001"/>
  <system-out/>
  <testcase classname="com.AnnotationsAfterbefore.Annotations" name="flow1" time="0.004"/>
  <system-out/>
</testsuite> <!-- com.AnnotationsAfterbefore.Annotations -->
