<?xml version="1.0" encoding="UTF-8"?>
<!-- Generated by org.testng.reporters.JUnitReportReporter -->
<testsuite hostname="LAPTOP-PG23OKAD" failures="0" tests="1" name="com.screenshot.gmailscreenshot1" time="55.004" errors="0" timestamp="2022-04-22T06:12:15 IST" skipped="0">
  <testcase classname="com.screenshot.gmailscreenshot1" name="gmail" time="55.004"/>
  <system-out/>
</testsuite> <!-- com.screenshot.gmailscreenshot1 -->
