<?xml version="1.0" encoding="UTF-8"?>
<!-- Generated by org.testng.reporters.JUnitReportReporter -->
<testsuite hostname="LAPTOP-PG23OKAD" failures="0" tests="4" name="com.ParallelTestingDemo.ParallelClassDemo" time="29.063" errors="0" timestamp="2022-03-01T16:46:16 IST" skipped="0">
  <testcase classname="com.ParallelTestingDemo.ParallelClassDemo" name="TestParallelDemo1" time="8.738"/>
  <system-out/>
  <testcase classname="com.ParallelTestingDemo.ParallelClassDemo" name="testParallelDemo3" time="5.738"/>
  <system-out/>
  <testcase classname="com.ParallelTestingDemo.ParallelClassDemo" name="testParallelDemo4" time="9.186"/>
  <system-out/>
  <testcase classname="com.ParallelTestingDemo.ParallelClassDemo" name="testParallelDemo2" time="5.401"/>
  <system-out/>
</testsuite> <!-- com.ParallelTestingDemo.ParallelClassDemo -->
