<?xml version="1.0" encoding="UTF-8"?>
<!-- Generated by org.testng.reporters.JUnitReportReporter -->
<testsuite hostname="LAPTOP-PG23OKAD" failures="0" tests="1" name="com.AnnotationsAfterbefore.ParametersDemo2" time="0.006" errors="0" timestamp="2022-03-01T08:51:37 IST" skipped="0">
  <testcase classname="com.AnnotationsAfterbefore.ParametersDemo2" name="testSingleString" time="0.006"/>
  <system-out/>
</testsuite> <!-- com.AnnotationsAfterbefore.ParametersDemo2 -->
