<?xml version="1.0" encoding="UTF-8"?>
<!-- Generated by org.testng.reporters.JUnitReportReporter -->
<testsuite hostname="LAPTOP-PG23OKAD" failures="0" tests="1" name="com.YoutubeClasses.LoginPageHRM" time="13.812" errors="0" timestamp="2022-04-30T08:56:16 IST" skipped="0">
  <testcase classname="com.YoutubeClasses.LoginPageHRM" name="LoginPage" time="13.812"/>
  <system-out/>
</testsuite> <!-- com.YoutubeClasses.LoginPageHRM -->
