<?xml version="1.0" encoding="UTF-8"?>
<!-- Generated by org.testng.reporters.JUnitReportReporter -->
<testsuite hostname="LAPTOP-PG23OKAD" failures="0" tests="1" name="com.PrintListData.Javatpoint1" time="4.077" errors="0" timestamp="2022-04-13T07:00:52 IST" skipped="0">
  <testcase classname="com.PrintListData.Javatpoint1" name="PrintTaglineData" time="4.077"/>
  <system-out/>
</testsuite> <!-- com.PrintListData.Javatpoint1 -->
