<?xml version="1.0" encoding="UTF-8"?>
<!-- Generated by org.testng.reporters.JUnitReportReporter -->
<testsuite hostname="LAPTOP-PG23OKAD" failures="0" tests="1" name="com.UsingExtendsPrintData.LoginMethod" time="4.567" errors="0" timestamp="2022-03-10T07:00:18 IST" skipped="0">
  <testcase classname="com.UsingExtendsPrintData.LoginMethod" name="loginSetuo" time="4.567"/>
  <system-out/>
</testsuite> <!-- com.UsingExtendsPrintData.LoginMethod -->
