<?xml version="1.0" encoding="UTF-8"?>
<!-- Generated by org.testng.reporters.JUnitReportReporter -->
<testsuite hostname="LAPTOP-PG23OKAD" failures="0" tests="1" name="com.JsExecutorDemo1.JsExecutorDemoJava" time="15.608" errors="0" timestamp="2022-03-07T06:59:20 IST" skipped="0">
  <testcase classname="com.JsExecutorDemo1.JsExecutorDemoJava" name="test" time="15.608"/>
  <system-out/>
</testsuite> <!-- com.JsExecutorDemo1.JsExecutorDemoJava -->
