<?xml version="1.0" encoding="UTF-8"?>
<!-- Generated by org.testng.reporters.JUnitReportReporter -->
<testsuite hostname="LAPTOP-PG23OKAD" failures="0" tests="1" name="com.cookies.PrintCookies" time="4.137" errors="0" timestamp="2022-03-09T17:06:06 IST" skipped="0">
  <testcase classname="com.cookies.PrintCookies" name="deleteCookies" time="4.137"/>
  <system-out/>
</testsuite> <!-- com.cookies.PrintCookies -->
