<?xml version="1.0" encoding="UTF-8"?>
<!-- Generated by org.testng.reporters.JUnitReportReporter -->
<testsuite hostname="LAPTOP-PG23OKAD" failures="0" tests="1" name="com.ParallelTestingDemo.PrallelClassDemo1" time="8.749" errors="0" timestamp="2022-03-01T16:54:52 IST" skipped="0">
  <testcase classname="com.ParallelTestingDemo.PrallelClassDemo1" name="testParallelDemo1" time="8.749"/>
  <system-out/>
</testsuite> <!-- com.ParallelTestingDemo.PrallelClassDemo1 -->
