<?xml version="1.0" encoding="UTF-8"?>
<!-- Generated by org.testng.reporters.JUnitReportReporter -->
<testsuite hostname="LAPTOP-PG23OKAD" failures="0" tests="1" name="com.Browserstack.BrowserstackDemo" time="17.964" errors="0" timestamp="2022-03-18T15:59:00 IST" skipped="0">
  <testcase classname="com.Browserstack.BrowserstackDemo" name="run" time="17.964"/>
  <system-out/>
</testsuite> <!-- com.Browserstack.BrowserstackDemo -->
