<?xml version="1.0" encoding="UTF-8"?>
<!-- Generated by org.testng.reporters.JUnitReportReporter -->
<testsuite hostname="LAPTOP-PG23OKAD" failures="0" tests="1" name="com.PrintListData.Javatpoint2" time="65.389" errors="0" timestamp="2022-03-20T21:07:53 IST" skipped="0">
  <testcase classname="com.PrintListData.Javatpoint2" name="PrintData" time="65.389"/>
  <system-out/>
</testsuite> <!-- com.PrintListData.Javatpoint2 -->
