<?xml version="1.0" encoding="UTF-8"?>
<!-- Generated by org.testng.reporters.JUnitReportReporter -->
<testsuite hostname="LAPTOP-PG23OKAD" failures="0" tests="2" name="com.UsingExtendsPrintData.ParentPrintData" time="7.655" errors="0" timestamp="2022-03-10T07:23:42 IST" skipped="0">
  <testcase classname="com.UsingExtendsPrintData.ParentPrintData" name="loginSetup" time="3.883"/>
  <system-out/>
  <testcase classname="com.UsingExtendsPrintData.ParentPrintData" name="printdata" time="3.772"/>
  <system-out/>
</testsuite> <!-- com.UsingExtendsPrintData.ParentPrintData -->
