<?xml version="1.0" encoding="UTF-8"?>
<!-- Generated by org.testng.reporters.JUnitReportReporter -->
<testsuite hostname="LAPTOP-PG23OKAD" failures="0" tests="1" name="com.interviews.TakeScreenshot" time="22.766" errors="0" timestamp="2022-04-27T11:19:25 IST" skipped="0">
  <testcase classname="com.interviews.TakeScreenshot" name="Test1" time="22.766"/>
  <system-out/>
</testsuite> <!-- com.interviews.TakeScreenshot -->
