<?xml version="1.0" encoding="UTF-8"?>
<!-- Generated by org.testng.reporters.JUnitReportReporter -->
<testsuite hostname="LAPTOP-PG23OKAD" failures="0" tests="1" name="com.AnnotationsAfterbefore.ParametersDemo" time="0.005" errors="0" timestamp="2022-03-01T08:56:13 IST" skipped="0">
  <testcase classname="com.AnnotationsAfterbefore.ParametersDemo" name="Logintest" time="0.005"/>
  <system-out/>
</testsuite> <!-- com.AnnotationsAfterbefore.ParametersDemo -->
