<?xml version="1.0" encoding="UTF-8"?>
<!-- Generated by org.testng.reporters.JUnitReportReporter -->
<testsuite hostname="LAPTOP-PG23OKAD" failures="0" tests="2" name="com.testngDemos.MultipleGroups" time="11.596" errors="0" timestamp="2022-02-28T20:08:04 IST" skipped="0">
  <testcase classname="com.testngDemos.MultipleGroups" name="testMethod1" time="0.002"/>
  <system-out/>
  <testcase classname="com.testngDemos.MultipleGroups" name="LoginMethod" time="11.594"/>
  <system-out/>
</testsuite> <!-- com.testngDemos.MultipleGroups -->
