<?xml version="1.0" encoding="UTF-8"?>
<!-- Generated by org.testng.reporters.JUnitReportReporter -->
<testsuite hostname="LAPTOP-PG23OKAD" failures="0" tests="1" name="com.screenshot.Screenshot" time="3.771" errors="0" timestamp="2022-03-25T11:06:32 IST" skipped="0">
  <testcase classname="com.screenshot.Screenshot" name="setup" time="3.771"/>
  <system-out/>
</testsuite> <!-- com.screenshot.Screenshot -->
