<?xml version="1.0" encoding="UTF-8"?>
<!-- Generated by org.testng.reporters.JUnitReportReporter -->
<testsuite hostname="LAPTOP-PG23OKAD" failures="0" tests="1" name="com.CompareStrings.CompareStringsDemo" time="10.242" errors="0" timestamp="2022-03-07T13:27:52 IST" skipped="0">
  <testcase classname="com.CompareStrings.CompareStringsDemo" name="test" time="10.242"/>
  <system-out/>
</testsuite> <!-- com.CompareStrings.CompareStringsDemo -->
