<?xml version="1.0" encoding="UTF-8"?>
<!-- Generated by org.testng.reporters.JUnitReportReporter -->
<testsuite hostname="LAPTOP-PG23OKAD" failures="0" tests="2" name="com.ScreenshotfailTest.FailedTestScreenDemo" time="0.013" errors="1" timestamp="2022-03-01T16:27:13 IST" skipped="1">
  <testcase classname="com.ScreenshotfailTest.FailedTestScreenDemo" name="setUp" time="0.013">
    <error type="java.lang.StackOverflowError">
      <![CDATA[java.lang.StackOverflowError
at com.ScreenshotfailTest.FailedTestScreenDemo.setUp(FailedTestScreenDemo.java:17)
at com.ScreenshotfailTest.FailedTestScreenDemo.setUp(FailedTestScreenDemo.java:17)
at com.ScreenshotfailTest.FailedTestScreenDemo.setUp(FailedTestScreenDemo.java:17)
at com.ScreenshotfailTest.FailedTestScreenDemo.setUp(FailedTestScreenDemo.java:17)
at com.ScreenshotfailTest.FailedTestScreenDemo.setUp(FailedTestScreenDemo.java:17)
at com.ScreenshotfailTest.FailedTestScreenDemo.setUp(FailedTestScreenDemo.java:17)
at com.ScreenshotfailTest.FailedTestScreenDemo.setUp(FailedTestScreenDemo.java:17)
at com.ScreenshotfailTest.FailedTestScreenDemo.setUp(FailedTestScreenDemo.java:17)
at com.ScreenshotfailTest.FailedTestScreenDemo.setUp(FailedTestScreenDemo.java:17)
at com.ScreenshotfailTest.FailedTestScreenDemo.setUp(FailedTestScreenDemo.java:17)
at com.ScreenshotfailTest.FailedTestScreenDemo.setUp(FailedTestScreenDemo.java:17)
at com.ScreenshotfailTest.FailedTestScreenDemo.setUp(FailedTestScreenDemo.java:17)
at com.ScreenshotfailTest.FailedTestScreenDemo.setUp(FailedTestScreenDemo.java:17)
at com.ScreenshotfailTest.FailedTestScreenDemo.setUp(FailedTestScreenDemo.java:17)
at com.ScreenshotfailTest.FailedTestScreenDemo.setUp(FailedTestScreenDemo.java:17)
at com.ScreenshotfailTest.FailedTestScreenDemo.setUp(FailedTestScreenDemo.java:17)
at com.ScreenshotfailTest.FailedTestScreenDemo.setUp(FailedTestScreenDemo.java:17)
at com.ScreenshotfailTest.FailedTestScreenDemo.setUp(FailedTestScreenDemo.java:17)
at com.ScreenshotfailTest.FailedTestScreenDemo.setUp(FailedTestScreenDemo.java:17)
at com.ScreenshotfailTest.FailedTestScreenDemo.setUp(FailedTestScreenDemo.java:17)
at com.ScreenshotfailTest.FailedTestScreenDemo.setUp(FailedTestScreenDemo.java:17)
at com.ScreenshotfailTest.FailedTestScreenDemo.setUp(FailedTestScreenDemo.java:17)
at com.ScreenshotfailTest.FailedTestScreenDemo.setUp(FailedTestScreenDemo.java:17)
at com.ScreenshotfailTest.FailedTestScreenDemo.setUp(FailedTestScreenDemo.java:17)
at com.ScreenshotfailTest.FailedTestScreenDemo.setUp(FailedTestScreenDemo.java:17)
at com.ScreenshotfailTest.FailedTestScreenDemo.setUp(FailedTestScreenDemo.java:17)
at com.ScreenshotfailTest.FailedTestScreenDemo.setUp(FailedTestScreenDemo.java:17)
at com.ScreenshotfailTest.FailedTestScreenDemo.setUp(FailedTestScreenDemo.java:17)
at com.ScreenshotfailTest.FailedTestScreenDemo.setUp(FailedTestScreenDemo.java:17)
at com.ScreenshotfailTest.FailedTestScreenDemo.setUp(FailedTestScreenDemo.java:17)
at com.ScreenshotfailTest.FailedTestScreenDemo.setUp(FailedTestScreenDemo.java:17)
at com.ScreenshotfailTest.FailedTestScreenDemo.setUp(FailedTestScreenDemo.java:17)
at com.ScreenshotfailTest.FailedTestScreenDemo.setUp(FailedTestScreenDemo.java:17)
at com.ScreenshotfailTest.FailedTestScreenDemo.setUp(FailedTestScreenDemo.java:17)
at com.ScreenshotfailTest.FailedTestScreenDemo.setUp(FailedTestScreenDemo.java:17)
at com.ScreenshotfailTest.FailedTestScreenDemo.setUp(FailedTestScreenDemo.java:17)
at com.ScreenshotfailTest.FailedTestScreenDemo.setUp(FailedTestScreenDemo.java:17)
at com.ScreenshotfailTest.FailedTestScreenDemo.setUp(FailedTestScreenDemo.java:17)
at com.ScreenshotfailTest.FailedTestScreenDemo.setUp(FailedTestScreenDemo.java:17)
at com.ScreenshotfailTest.FailedTestScreenDemo.setUp(FailedTestScreenDemo.java:17)
at com.ScreenshotfailTest.FailedTestScreenDemo.setUp(FailedTestScreenDemo.java:17)
at com.ScreenshotfailTest.FailedTestScreenDemo.setUp(FailedTestScreenDemo.java:17)
at com.ScreenshotfailTest.FailedTestScreenDemo.setUp(FailedTestScreenDemo.java:17)
at com.ScreenshotfailTest.FailedTestScreenDemo.setUp(FailedTestScreenDemo.java:17)
at com.ScreenshotfailTest.FailedTestScreenDemo.setUp(FailedTestScreenDemo.java:17)
at com.ScreenshotfailTest.FailedTestScreenDemo.setUp(FailedTestScreenDemo.java:17)
at com.ScreenshotfailTest.FailedTestScreenDemo.setUp(FailedTestScreenDemo.java:17)
at com.ScreenshotfailTest.FailedTestScreenDemo.setUp(FailedTestScreenDemo.java:17)
at com.ScreenshotfailTest.FailedTestScreenDemo.setUp(FailedTestScreenDemo.java:17)
at com.ScreenshotfailTest.FailedTestScreenDemo.setUp(FailedTestScreenDemo.java:17)
at com.ScreenshotfailTest.FailedTestScreenDemo.setUp(FailedTestScreenDemo.java:17)
at com.ScreenshotfailTest.FailedTestScreenDemo.setUp(FailedTestScreenDemo.java:17)
at com.ScreenshotfailTest.FailedTestScreenDemo.setUp(FailedTestScreenDemo.java:17)
at com.ScreenshotfailTest.FailedTestScreenDemo.setUp(FailedTestScreenDemo.java:17)
at com.ScreenshotfailTest.FailedTestScreenDemo.setUp(FailedTestScreenDemo.java:17)
at com.ScreenshotfailTest.FailedTestScreenDemo.setUp(FailedTestScreenDemo.java:17)
at com.ScreenshotfailTest.FailedTestScreenDemo.setUp(FailedTestScreenDemo.java:17)
at com.ScreenshotfailTest.FailedTestScreenDemo.setUp(FailedTestScreenDemo.java:17)
at com.ScreenshotfailTest.FailedTestScreenDemo.setUp(FailedTestScreenDemo.java:17)
at com.ScreenshotfailTest.FailedTestScreenDemo.setUp(FailedTestScreenDemo.java:17)
at com.ScreenshotfailTest.FailedTestScreenDemo.setUp(FailedTestScreenDemo.java:17)
at com.ScreenshotfailTest.FailedTestScreenDemo.setUp(FailedTestScreenDemo.java:17)
at com.ScreenshotfailTest.FailedTestScreenDemo.setUp(FailedTestScreenDemo.java:17)
at com.ScreenshotfailTest.FailedTestScreenDemo.setUp(FailedTestScreenDemo.java:17)
at com.ScreenshotfailTest.FailedTestScreenDemo.setUp(FailedTestScreenDemo.java:17)
at com.ScreenshotfailTest.FailedTestScreenDemo.setUp(FailedTestScreenDemo.java:17)
at com.ScreenshotfailTest.FailedTestScreenDemo.setUp(FailedTestScreenDemo.java:17)
at com.ScreenshotfailTest.FailedTestScreenDemo.setUp(FailedTestScreenDemo.java:17)
at com.ScreenshotfailTest.FailedTestScreenDemo.setUp(FailedTestScreenDemo.java:17)
at com.ScreenshotfailTest.FailedTestScreenDemo.setUp(FailedTestScreenDemo.java:17)
at com.ScreenshotfailTest.FailedTestScreenDemo.setUp(FailedTestScreenDemo.java:17)
at com.ScreenshotfailTest.FailedTestScreenDemo.setUp(FailedTestScreenDemo.java:17)
at com.ScreenshotfailTest.FailedTestScreenDemo.setUp(FailedTestScreenDemo.java:17)
at com.ScreenshotfailTest.FailedTestScreenDemo.setUp(FailedTestScreenDemo.java:17)
at com.ScreenshotfailTest.FailedTestScreenDemo.setUp(FailedTestScreenDemo.java:17)
at com.ScreenshotfailTest.FailedTestScreenDemo.setUp(FailedTestScreenDemo.java:17)
at com.ScreenshotfailTest.FailedTestScreenDemo.setUp(FailedTestScreenDemo.java:17)
at com.ScreenshotfailTest.FailedTestScreenDemo.setUp(FailedTestScreenDemo.java:17)
at com.ScreenshotfailTest.FailedTestScreenDemo.setUp(FailedTestScreenDemo.java:17)
at com.ScreenshotfailTest.FailedTestScreenDemo.setUp(FailedTestScreenDemo.java:17)
at com.ScreenshotfailTest.FailedTestScreenDemo.setUp(FailedTestScreenDemo.java:17)
at com.ScreenshotfailTest.FailedTestScreenDemo.setUp(FailedTestScreenDemo.java:17)
at com.ScreenshotfailTest.FailedTestScreenDemo.setUp(FailedTestScreenDemo.java:17)
at com.ScreenshotfailTest.FailedTestScreenDemo.setUp(FailedTestScreenDemo.java:17)
at com.ScreenshotfailTest.FailedTestScreenDemo.setUp(FailedTestScreenDemo.java:17)
at com.ScreenshotfailTest.FailedTestScreenDemo.setUp(FailedTestScreenDemo.java:17)
at com.ScreenshotfailTest.FailedTestScreenDemo.setUp(FailedTestScreenDemo.java:17)
at com.ScreenshotfailTest.FailedTestScreenDemo.setUp(FailedTestScreenDemo.java:17)
at com.ScreenshotfailTest.FailedTestScreenDemo.setUp(FailedTestScreenDemo.java:17)
at com.ScreenshotfailTest.FailedTestScreenDemo.setUp(FailedTestScreenDemo.java:17)
at com.ScreenshotfailTest.FailedTestScreenDemo.setUp(FailedTestScreenDemo.java:17)
at com.ScreenshotfailTest.FailedTestScreenDemo.setUp(FailedTestScreenDemo.java:17)
at com.ScreenshotfailTest.FailedTestScreenDemo.setUp(FailedTestScreenDemo.java:17)
at com.ScreenshotfailTest.FailedTestScreenDemo.setUp(FailedTestScreenDemo.java:17)
at com.ScreenshotfailTest.FailedTestScreenDemo.setUp(FailedTestScreenDemo.java:17)
at com.ScreenshotfailTest.FailedTestScreenDemo.setUp(FailedTestScreenDemo.java:17)
at com.ScreenshotfailTest.FailedTestScreenDemo.setUp(FailedTestScreenDemo.java:17)
at com.ScreenshotfailTest.FailedTestScreenDemo.setUp(FailedTestScreenDemo.java:17)
at com.ScreenshotfailTest.FailedTestScreenDemo.setUp(FailedTestScreenDemo.java:17)
at com.ScreenshotfailTest.FailedTestScreenDemo.setUp(FailedTestScreenDemo.java:17)
at com.ScreenshotfailTest.FailedTestScreenDemo.setUp(FailedTestScreenDemo.java:17)
at com.ScreenshotfailTest.FailedTestScreenDemo.setUp(FailedTestScreenDemo.java:17)
at com.ScreenshotfailTest.FailedTestScreenDemo.setUp(FailedTestScreenDemo.java:17)
at com.ScreenshotfailTest.FailedTestScreenDemo.setUp(FailedTestScreenDemo.java:17)
at com.ScreenshotfailTest.FailedTestScreenDemo.setUp(FailedTestScreenDemo.java:17)
at com.ScreenshotfailTest.FailedTestScreenDemo.setUp(FailedTestScreenDemo.java:17)
at com.ScreenshotfailTest.FailedTestScreenDemo.setUp(FailedTestScreenDemo.java:17)
at com.ScreenshotfailTest.FailedTestScreenDemo.setUp(FailedTestScreenDemo.java:17)
at com.ScreenshotfailTest.FailedTestScreenDemo.setUp(FailedTestScreenDemo.java:17)
at com.ScreenshotfailTest.FailedTestScreenDemo.setUp(FailedTestScreenDemo.java:17)
at com.ScreenshotfailTest.FailedTestScreenDemo.setUp(FailedTestScreenDemo.java:17)
at com.ScreenshotfailTest.FailedTestScreenDemo.setUp(FailedTestScreenDemo.java:17)
at com.ScreenshotfailTest.FailedTestScreenDemo.setUp(FailedTestScreenDemo.java:17)
at com.ScreenshotfailTest.FailedTestScreenDemo.setUp(FailedTestScreenDemo.java:17)
at com.ScreenshotfailTest.FailedTestScreenDemo.setUp(FailedTestScreenDemo.java:17)
at com.ScreenshotfailTest.FailedTestScreenDemo.setUp(FailedTestScreenDemo.java:17)
at com.ScreenshotfailTest.FailedTestScreenDemo.setUp(FailedTestScreenDemo.java:17)
at com.ScreenshotfailTest.FailedTestScreenDemo.setUp(FailedTestScreenDemo.java:17)
at com.ScreenshotfailTest.FailedTestScreenDemo.setUp(FailedTestScreenDemo.java:17)
at com.ScreenshotfailTest.FailedTestScreenDemo.setUp(FailedTestScreenDemo.java:17)
at com.ScreenshotfailTest.FailedTestScreenDemo.setUp(FailedTestScreenDemo.java:17)
at com.ScreenshotfailTest.FailedTestScreenDemo.setUp(FailedTestScreenDemo.java:17)
at com.ScreenshotfailTest.FailedTestScreenDemo.setUp(FailedTestScreenDemo.java:17)
at com.ScreenshotfailTest.FailedTestScreenDemo.setUp(FailedTestScreenDemo.java:17)
at com.ScreenshotfailTest.FailedTestScreenDemo.setUp(FailedTestScreenDemo.java:17)
at com.ScreenshotfailTest.FailedTestScreenDemo.setUp(FailedTestScreenDemo.java:17)
at com.ScreenshotfailTest.FailedTestScreenDemo.setUp(FailedTestScreenDemo.java:17)
at com.ScreenshotfailTest.FailedTestScreenDemo.setUp(FailedTestScreenDemo.java:17)
at com.ScreenshotfailTest.FailedTestScreenDemo.setUp(FailedTestScreenDemo.java:17)
at com.ScreenshotfailTest.FailedTestScreenDemo.setUp(FailedTestScreenDemo.java:17)
at com.ScreenshotfailTest.FailedTestScreenDemo.setUp(FailedTestScreenDemo.java:17)
at com.ScreenshotfailTest.FailedTestScreenDemo.setUp(FailedTestScreenDemo.java:17)
at com.ScreenshotfailTest.FailedTestScreenDemo.setUp(FailedTestScreenDemo.java:17)
at com.ScreenshotfailTest.FailedTestScreenDemo.setUp(FailedTestScreenDemo.java:17)
at com.ScreenshotfailTest.FailedTestScreenDemo.setUp(FailedTestScreenDemo.java:17)
at com.ScreenshotfailTest.FailedTestScreenDemo.setUp(FailedTestScreenDemo.java:17)
at com.ScreenshotfailTest.FailedTestScreenDemo.setUp(FailedTestScreenDemo.java:17)
at com.ScreenshotfailTest.FailedTestScreenDemo.setUp(FailedTestScreenDemo.java:17)
at com.ScreenshotfailTest.FailedTestScreenDemo.setUp(FailedTestScreenDemo.java:17)
at com.ScreenshotfailTest.FailedTestScreenDemo.setUp(FailedTestScreenDemo.java:17)
at com.ScreenshotfailTest.FailedTestScreenDemo.setUp(FailedTestScreenDemo.java:17)
at com.ScreenshotfailTest.FailedTestScreenDemo.setUp(FailedTestScreenDemo.java:17)
at com.ScreenshotfailTest.FailedTestScreenDemo.setUp(FailedTestScreenDemo.java:17)
at com.ScreenshotfailTest.FailedTestScreenDemo.setUp(FailedTestScreenDemo.java:17)
at com.ScreenshotfailTest.FailedTestScreenDemo.setUp(FailedTestScreenDemo.java:17)
at com.ScreenshotfailTest.FailedTestScreenDemo.setUp(FailedTestScreenDemo.java:17)
at com.ScreenshotfailTest.FailedTestScreenDemo.setUp(FailedTestScreenDemo.java:17)
at com.ScreenshotfailTest.FailedTestScreenDemo.setUp(FailedTestScreenDemo.java:17)
at com.ScreenshotfailTest.FailedTestScreenDemo.setUp(FailedTestScreenDemo.java:17)
at com.ScreenshotfailTest.FailedTestScreenDemo.setUp(FailedTestScreenDemo.java:17)
at com.ScreenshotfailTest.FailedTestScreenDemo.setUp(FailedTestScreenDemo.java:17)
at com.ScreenshotfailTest.FailedTestScreenDemo.setUp(FailedTestScreenDemo.java:17)
at com.ScreenshotfailTest.FailedTestScreenDemo.setUp(FailedTestScreenDemo.java:17)
at com.ScreenshotfailTest.FailedTestScreenDemo.setUp(FailedTestScreenDemo.java:17)
at com.ScreenshotfailTest.FailedTestScreenDemo.setUp(FailedTestScreenDemo.java:17)
at com.ScreenshotfailTest.FailedTestScreenDemo.setUp(FailedTestScreenDemo.java:17)
at com.ScreenshotfailTest.FailedTestScreenDemo.setUp(FailedTestScreenDemo.java:17)
at com.ScreenshotfailTest.FailedTestScreenDemo.setUp(FailedTestScreenDemo.java:17)
at com.ScreenshotfailTest.FailedTestScreenDemo.setUp(FailedTestScreenDemo.java:17)
at com.ScreenshotfailTest.FailedTestScreenDemo.setUp(FailedTestScreenDemo.java:17)
at com.ScreenshotfailTest.FailedTestScreenDemo.setUp(FailedTestScreenDemo.java:17)
at com.ScreenshotfailTest.FailedTestScreenDemo.setUp(FailedTestScreenDemo.java:17)
at com.ScreenshotfailTest.FailedTestScreenDemo.setUp(FailedTestScreenDemo.java:17)
at com.ScreenshotfailTest.FailedTestScreenDemo.setUp(FailedTestScreenDemo.java:17)
at com.ScreenshotfailTest.FailedTestScreenDemo.setUp(FailedTestScreenDemo.java:17)
at com.ScreenshotfailTest.FailedTestScreenDemo.setUp(FailedTestScreenDemo.java:17)
at com.ScreenshotfailTest.FailedTestScreenDemo.setUp(FailedTestScreenDemo.java:17)
at com.ScreenshotfailTest.FailedTestScreenDemo.setUp(FailedTestScreenDemo.java:17)
at com.ScreenshotfailTest.FailedTestScreenDemo.setUp(FailedTestScreenDemo.java:17)
at com.ScreenshotfailTest.FailedTestScreenDemo.setUp(FailedTestScreenDemo.java:17)
at com.ScreenshotfailTest.FailedTestScreenDemo.setUp(FailedTestScreenDemo.java:17)
at com.ScreenshotfailTest.FailedTestScreenDemo.setUp(FailedTestScreenDemo.java:17)
at com.ScreenshotfailTest.FailedTestScreenDemo.setUp(FailedTestScreenDemo.java:17)
at com.ScreenshotfailTest.FailedTestScreenDemo.setUp(FailedTestScreenDemo.java:17)
at com.ScreenshotfailTest.FailedTestScreenDemo.setUp(FailedTestScreenDemo.java:17)
at com.ScreenshotfailTest.FailedTestScreenDemo.setUp(FailedTestScreenDemo.java:17)
at com.ScreenshotfailTest.FailedTestScreenDemo.setUp(FailedTestScreenDemo.java:17)
at com.ScreenshotfailTest.FailedTestScreenDemo.setUp(FailedTestScreenDemo.java:17)
at com.ScreenshotfailTest.FailedTestScreenDemo.setUp(FailedTestScreenDemo.java:17)
at com.ScreenshotfailTest.FailedTestScreenDemo.setUp(FailedTestScreenDemo.java:17)
at com.ScreenshotfailTest.FailedTestScreenDemo.setUp(FailedTestScreenDemo.java:17)
at com.ScreenshotfailTest.FailedTestScreenDemo.setUp(FailedTestScreenDemo.java:17)
at com.ScreenshotfailTest.FailedTestScreenDemo.setUp(FailedTestScreenDemo.java:17)
at com.ScreenshotfailTest.FailedTestScreenDemo.setUp(FailedTestScreenDemo.java:17)
at com.ScreenshotfailTest.FailedTestScreenDemo.setUp(FailedTestScreenDemo.java:17)
at com.ScreenshotfailTest.FailedTestScreenDemo.setUp(FailedTestScreenDemo.java:17)
at com.ScreenshotfailTest.FailedTestScreenDemo.setUp(FailedTestScreenDemo.java:17)
at com.ScreenshotfailTest.FailedTestScreenDemo.setUp(FailedTestScreenDemo.java:17)
at com.ScreenshotfailTest.FailedTestScreenDemo.setUp(FailedTestScreenDemo.java:17)
at com.ScreenshotfailTest.FailedTestScreenDemo.setUp(FailedTestScreenDemo.java:17)
at com.ScreenshotfailTest.FailedTestScreenDemo.setUp(FailedTestScreenDemo.java:17)
at com.ScreenshotfailTest.FailedTestScreenDemo.setUp(FailedTestScreenDemo.java:17)
at com.ScreenshotfailTest.FailedTestScreenDemo.setUp(FailedTestScreenDemo.java:17)
at com.ScreenshotfailTest.FailedTestScreenDemo.setUp(FailedTestScreenDemo.java:17)
at com.ScreenshotfailTest.FailedTestScreenDemo.setUp(FailedTestScreenDemo.java:17)
at com.ScreenshotfailTest.FailedTestScreenDemo.setUp(FailedTestScreenDemo.java:17)
at com.ScreenshotfailTest.FailedTestScreenDemo.setUp(FailedTestScreenDemo.java:17)
at com.ScreenshotfailTest.FailedTestScreenDemo.setUp(FailedTestScreenDemo.java:17)
at com.ScreenshotfailTest.FailedTestScreenDemo.setUp(FailedTestScreenDemo.java:17)
at com.ScreenshotfailTest.FailedTestScreenDemo.setUp(FailedTestScreenDemo.java:17)
at com.ScreenshotfailTest.FailedTestScreenDemo.setUp(FailedTestScreenDemo.java:17)
at com.ScreenshotfailTest.FailedTestScreenDemo.setUp(FailedTestScreenDemo.java:17)
at com.ScreenshotfailTest.FailedTestScreenDemo.setUp(FailedTestScreenDemo.java:17)
at com.ScreenshotfailTest.FailedTestScreenDemo.setUp(FailedTestScreenDemo.java:17)
at com.ScreenshotfailTest.FailedTestScreenDemo.setUp(FailedTestScreenDemo.java:17)
at com.ScreenshotfailTest.FailedTestScreenDemo.setUp(FailedTestScreenDemo.java:17)
at com.ScreenshotfailTest.FailedTestScreenDemo.setUp(FailedTestScreenDemo.java:17)
at com.ScreenshotfailTest.FailedTestScreenDemo.setUp(FailedTestScreenDemo.java:17)
at com.ScreenshotfailTest.FailedTestScreenDemo.setUp(FailedTestScreenDemo.java:17)
at com.ScreenshotfailTest.FailedTestScreenDemo.setUp(FailedTestScreenDemo.java:17)
at com.ScreenshotfailTest.FailedTestScreenDemo.setUp(FailedTestScreenDemo.java:17)
at com.ScreenshotfailTest.FailedTestScreenDemo.setUp(FailedTestScreenDemo.java:17)
at com.ScreenshotfailTest.FailedTestScreenDemo.setUp(FailedTestScreenDemo.java:17)
at com.ScreenshotfailTest.FailedTestScreenDemo.setUp(FailedTestScreenDemo.java:17)
at com.ScreenshotfailTest.FailedTestScreenDemo.setUp(FailedTestScreenDemo.java:17)
at com.ScreenshotfailTest.FailedTestScreenDemo.setUp(FailedTestScreenDemo.java:17)
at com.ScreenshotfailTest.FailedTestScreenDemo.setUp(FailedTestScreenDemo.java:17)
at com.ScreenshotfailTest.FailedTestScreenDemo.setUp(FailedTestScreenDemo.java:17)
at com.ScreenshotfailTest.FailedTestScreenDemo.setUp(FailedTestScreenDemo.java:17)
at com.ScreenshotfailTest.FailedTestScreenDemo.setUp(FailedTestScreenDemo.java:17)
at com.ScreenshotfailTest.FailedTestScreenDemo.setUp(FailedTestScreenDemo.java:17)
at com.ScreenshotfailTest.FailedTestScreenDemo.setUp(FailedTestScreenDemo.java:17)
at com.ScreenshotfailTest.FailedTestScreenDemo.setUp(FailedTestScreenDemo.java:17)
at com.ScreenshotfailTest.FailedTestScreenDemo.setUp(FailedTestScreenDemo.java:17)
at com.ScreenshotfailTest.FailedTestScreenDemo.setUp(FailedTestScreenDemo.java:17)
at com.ScreenshotfailTest.FailedTestScreenDemo.setUp(FailedTestScreenDemo.java:17)
at com.ScreenshotfailTest.FailedTestScreenDemo.setUp(FailedTestScreenDemo.java:17)
at com.ScreenshotfailTest.FailedTestScreenDemo.setUp(FailedTestScreenDemo.java:17)
at com.ScreenshotfailTest.FailedTestScreenDemo.setUp(FailedTestScreenDemo.java:17)
at com.ScreenshotfailTest.FailedTestScreenDemo.setUp(FailedTestScreenDemo.java:17)
at com.ScreenshotfailTest.FailedTestScreenDemo.setUp(FailedTestScreenDemo.java:17)
at com.ScreenshotfailTest.FailedTestScreenDemo.setUp(FailedTestScreenDemo.java:17)
at com.ScreenshotfailTest.FailedTestScreenDemo.setUp(FailedTestScreenDemo.java:17)
at com.ScreenshotfailTest.FailedTestScreenDemo.setUp(FailedTestScreenDemo.java:17)
at com.ScreenshotfailTest.FailedTestScreenDemo.setUp(FailedTestScreenDemo.java:17)
at com.ScreenshotfailTest.FailedTestScreenDemo.setUp(FailedTestScreenDemo.java:17)
at com.ScreenshotfailTest.FailedTestScreenDemo.setUp(FailedTestScreenDemo.java:17)
at com.ScreenshotfailTest.FailedTestScreenDemo.setUp(FailedTestScreenDemo.java:17)
at com.ScreenshotfailTest.FailedTestScreenDemo.setUp(FailedTestScreenDemo.java:17)
at com.ScreenshotfailTest.FailedTestScreenDemo.setUp(FailedTestScreenDemo.java:17)
at com.ScreenshotfailTest.FailedTestScreenDemo.setUp(FailedTestScreenDemo.java:17)
at com.ScreenshotfailTest.FailedTestScreenDemo.setUp(FailedTestScreenDemo.java:17)
at com.ScreenshotfailTest.FailedTestScreenDemo.setUp(FailedTestScreenDemo.java:17)
at com.ScreenshotfailTest.FailedTestScreenDemo.setUp(FailedTestScreenDemo.java:17)
at com.ScreenshotfailTest.FailedTestScreenDemo.setUp(FailedTestScreenDemo.java:17)
at com.ScreenshotfailTest.FailedTestScreenDemo.setUp(FailedTestScreenDemo.java:17)
at com.ScreenshotfailTest.FailedTestScreenDemo.setUp(FailedTestScreenDemo.java:17)
at com.ScreenshotfailTest.FailedTestScreenDemo.setUp(FailedTestScreenDemo.java:17)
at com.ScreenshotfailTest.FailedTestScreenDemo.setUp(FailedTestScreenDemo.java:17)
at com.ScreenshotfailTest.FailedTestScreenDemo.setUp(FailedTestScreenDemo.java:17)
at com.ScreenshotfailTest.FailedTestScreenDemo.setUp(FailedTestScreenDemo.java:17)
at com.ScreenshotfailTest.FailedTestScreenDemo.setUp(FailedTestScreenDemo.java:17)
at com.ScreenshotfailTest.FailedTestScreenDemo.setUp(FailedTestScreenDemo.java:17)
at com.ScreenshotfailTest.FailedTestScreenDemo.setUp(FailedTestScreenDemo.java:17)
at com.ScreenshotfailTest.FailedTestScreenDemo.setUp(FailedTestScreenDemo.java:17)
at com.ScreenshotfailTest.FailedTestScreenDemo.setUp(FailedTestScreenDemo.java:17)
at com.ScreenshotfailTest.FailedTestScreenDemo.setUp(FailedTestScreenDemo.java:17)
at com.ScreenshotfailTest.FailedTestScreenDemo.setUp(FailedTestScreenDemo.java:17)
at com.ScreenshotfailTest.FailedTestScreenDemo.setUp(FailedTestScreenDemo.java:17)
at com.ScreenshotfailTest.FailedTestScreenDemo.setUp(FailedTestScreenDemo.java:17)
at com.ScreenshotfailTest.FailedTestScreenDemo.setUp(FailedTestScreenDemo.java:17)
at com.ScreenshotfailTest.FailedTestScreenDemo.setUp(FailedTestScreenDemo.java:17)
at com.ScreenshotfailTest.FailedTestScreenDemo.setUp(FailedTestScreenDemo.java:17)
at com.ScreenshotfailTest.FailedTestScreenDemo.setUp(FailedTestScreenDemo.java:17)
at com.ScreenshotfailTest.FailedTestScreenDemo.setUp(FailedTestScreenDemo.java:17)
at com.ScreenshotfailTest.FailedTestScreenDemo.setUp(FailedTestScreenDemo.java:17)
at com.ScreenshotfailTest.FailedTestScreenDemo.setUp(FailedTestScreenDemo.java:17)
at com.ScreenshotfailTest.FailedTestScreenDemo.setUp(FailedTestScreenDemo.java:17)
at com.ScreenshotfailTest.FailedTestScreenDemo.setUp(FailedTestScreenDemo.java:17)
at com.ScreenshotfailTest.FailedTestScreenDemo.setUp(FailedTestScreenDemo.java:17)
at com.ScreenshotfailTest.FailedTestScreenDemo.setUp(FailedTestScreenDemo.java:17)
at com.ScreenshotfailTest.FailedTestScreenDemo.setUp(FailedTestScreenDemo.java:17)
at com.ScreenshotfailTest.FailedTestScreenDemo.setUp(FailedTestScreenDemo.java:17)
at com.ScreenshotfailTest.FailedTestScreenDemo.setUp(FailedTestScreenDemo.java:17)
at com.ScreenshotfailTest.FailedTestScreenDemo.setUp(FailedTestScreenDemo.java:17)
at com.ScreenshotfailTest.FailedTestScreenDemo.setUp(FailedTestScreenDemo.java:17)
at com.ScreenshotfailTest.FailedTestScreenDemo.setUp(FailedTestScreenDemo.java:17)
at com.ScreenshotfailTest.FailedTestScreenDemo.setUp(FailedTestScreenDemo.java:17)
at com.ScreenshotfailTest.FailedTestScreenDemo.setUp(FailedTestScreenDemo.java:17)
at com.ScreenshotfailTest.FailedTestScreenDemo.setUp(FailedTestScreenDemo.java:17)
at com.ScreenshotfailTest.FailedTestScreenDemo.setUp(FailedTestScreenDemo.java:17)
at com.ScreenshotfailTest.FailedTestScreenDemo.setUp(FailedTestScreenDemo.java:17)
at com.ScreenshotfailTest.FailedTestScreenDemo.setUp(FailedTestScreenDemo.java:17)
at com.ScreenshotfailTest.FailedTestScreenDemo.setUp(FailedTestScreenDemo.java:17)
at com.ScreenshotfailTest.FailedTestScreenDemo.setUp(FailedTestScreenDemo.java:17)
at com.ScreenshotfailTest.FailedTestScreenDemo.setUp(FailedTestScreenDemo.java:17)
at com.ScreenshotfailTest.FailedTestScreenDemo.setUp(FailedTestScreenDemo.java:17)
at com.ScreenshotfailTest.FailedTestScreenDemo.setUp(FailedTestScreenDemo.java:17)
at com.ScreenshotfailTest.FailedTestScreenDemo.setUp(FailedTestScreenDemo.java:17)
at com.ScreenshotfailTest.FailedTestScreenDemo.setUp(FailedTestScreenDemo.java:17)
at com.ScreenshotfailTest.FailedTestScreenDemo.setUp(FailedTestScreenDemo.java:17)
at com.ScreenshotfailTest.FailedTestScreenDemo.setUp(FailedTestScreenDemo.java:17)
at com.ScreenshotfailTest.FailedTestScreenDemo.setUp(FailedTestScreenDemo.java:17)
at com.ScreenshotfailTest.FailedTestScreenDemo.setUp(FailedTestScreenDemo.java:17)
at com.ScreenshotfailTest.FailedTestScreenDemo.setUp(FailedTestScreenDemo.java:17)
at com.ScreenshotfailTest.FailedTestScreenDemo.setUp(FailedTestScreenDemo.java:17)
at com.ScreenshotfailTest.FailedTestScreenDemo.setUp(FailedTestScreenDemo.java:17)
at com.ScreenshotfailTest.FailedTestScreenDemo.setUp(FailedTestScreenDemo.java:17)
at com.ScreenshotfailTest.FailedTestScreenDemo.setUp(FailedTestScreenDemo.java:17)
at com.ScreenshotfailTest.FailedTestScreenDemo.setUp(FailedTestScreenDemo.java:17)
at com.ScreenshotfailTest.FailedTestScreenDemo.setUp(FailedTestScreenDemo.java:17)
at com.ScreenshotfailTest.FailedTestScreenDemo.setUp(FailedTestScreenDemo.java:17)
at com.ScreenshotfailTest.FailedTestScreenDemo.setUp(FailedTestScreenDemo.java:17)
at com.ScreenshotfailTest.FailedTestScreenDemo.setUp(FailedTestScreenDemo.java:17)
at com.ScreenshotfailTest.FailedTestScreenDemo.setUp(FailedTestScreenDemo.java:17)
at com.ScreenshotfailTest.FailedTestScreenDemo.setUp(FailedTestScreenDemo.java:17)
at com.ScreenshotfailTest.FailedTestScreenDemo.setUp(FailedTestScreenDemo.java:17)
at com.ScreenshotfailTest.FailedTestScreenDemo.setUp(FailedTestScreenDemo.java:17)
at com.ScreenshotfailTest.FailedTestScreenDemo.setUp(FailedTestScreenDemo.java:17)
at com.ScreenshotfailTest.FailedTestScreenDemo.setUp(FailedTestScreenDemo.java:17)
at com.ScreenshotfailTest.FailedTestScreenDemo.setUp(FailedTestScreenDemo.java:17)
at com.ScreenshotfailTest.FailedTestScreenDemo.setUp(FailedTestScreenDemo.java:17)
at com.ScreenshotfailTest.FailedTestScreenDemo.setUp(FailedTestScreenDemo.java:17)
at com.ScreenshotfailTest.FailedTestScreenDemo.setUp(FailedTestScreenDemo.java:17)
at com.ScreenshotfailTest.FailedTestScreenDemo.setUp(FailedTestScreenDemo.java:17)
at com.ScreenshotfailTest.FailedTestScreenDemo.setUp(FailedTestScreenDemo.java:17)
at com.ScreenshotfailTest.FailedTestScreenDemo.setUp(FailedTestScreenDemo.java:17)
at com.ScreenshotfailTest.FailedTestScreenDemo.setUp(FailedTestScreenDemo.java:17)
at com.ScreenshotfailTest.FailedTestScreenDemo.setUp(FailedTestScreenDemo.java:17)
at com.ScreenshotfailTest.FailedTestScreenDemo.setUp(FailedTestScreenDemo.java:17)
at com.ScreenshotfailTest.FailedTestScreenDemo.setUp(FailedTestScreenDemo.java:17)
at com.ScreenshotfailTest.FailedTestScreenDemo.setUp(FailedTestScreenDemo.java:17)
at com.ScreenshotfailTest.FailedTestScreenDemo.setUp(FailedTestScreenDemo.java:17)
at com.ScreenshotfailTest.FailedTestScreenDemo.setUp(FailedTestScreenDemo.java:17)
at com.ScreenshotfailTest.FailedTestScreenDemo.setUp(FailedTestScreenDemo.java:17)
at com.ScreenshotfailTest.FailedTestScreenDemo.setUp(FailedTestScreenDemo.java:17)
at com.ScreenshotfailTest.FailedTestScreenDemo.setUp(FailedTestScreenDemo.java:17)
at com.ScreenshotfailTest.FailedTestScreenDemo.setUp(FailedTestScreenDemo.java:17)
at com.ScreenshotfailTest.FailedTestScreenDemo.setUp(FailedTestScreenDemo.java:17)
at com.ScreenshotfailTest.FailedTestScreenDemo.setUp(FailedTestScreenDemo.java:17)
at com.ScreenshotfailTest.FailedTestScreenDemo.setUp(FailedTestScreenDemo.java:17)
at com.ScreenshotfailTest.FailedTestScreenDemo.setUp(FailedTestScreenDemo.java:17)
at com.ScreenshotfailTest.FailedTestScreenDemo.setUp(FailedTestScreenDemo.java:17)
at com.ScreenshotfailTest.FailedTestScreenDemo.setUp(FailedTestScreenDemo.java:17)
at com.ScreenshotfailTest.FailedTestScreenDemo.setUp(FailedTestScreenDemo.java:17)
at com.ScreenshotfailTest.FailedTestScreenDemo.setUp(FailedTestScreenDemo.java:17)
at com.ScreenshotfailTest.FailedTestScreenDemo.setUp(FailedTestScreenDemo.java:17)
at com.ScreenshotfailTest.FailedTestScreenDemo.setUp(FailedTestScreenDemo.java:17)
at com.ScreenshotfailTest.FailedTestScreenDemo.setUp(FailedTestScreenDemo.java:17)
at com.ScreenshotfailTest.FailedTestScreenDemo.setUp(FailedTestScreenDemo.java:17)
at com.ScreenshotfailTest.FailedTestScreenDemo.setUp(FailedTestScreenDemo.java:17)
at com.ScreenshotfailTest.FailedTestScreenDemo.setUp(FailedTestScreenDemo.java:17)
at com.ScreenshotfailTest.FailedTestScreenDemo.setUp(FailedTestScreenDemo.java:17)
at com.ScreenshotfailTest.FailedTestScreenDemo.setUp(FailedTestScreenDemo.java:17)
at com.ScreenshotfailTest.FailedTestScreenDemo.setUp(FailedTestScreenDemo.java:17)
at com.ScreenshotfailTest.FailedTestScreenDemo.setUp(FailedTestScreenDemo.java:17)
at com.ScreenshotfailTest.FailedTestScreenDemo.setUp(FailedTestScreenDemo.java:17)
at com.ScreenshotfailTest.FailedTestScreenDemo.setUp(FailedTestScreenDemo.java:17)
at com.ScreenshotfailTest.FailedTestScreenDemo.setUp(FailedTestScreenDemo.java:17)
at com.ScreenshotfailTest.FailedTestScreenDemo.setUp(FailedTestScreenDemo.java:17)
at com.ScreenshotfailTest.FailedTestScreenDemo.setUp(FailedTestScreenDemo.java:17)
at com.ScreenshotfailTest.FailedTestScreenDemo.setUp(FailedTestScreenDemo.java:17)
at com.ScreenshotfailTest.FailedTestScreenDemo.setUp(FailedTestScreenDemo.java:17)
at com.ScreenshotfailTest.FailedTestScreenDemo.setUp(FailedTestScreenDemo.java:17)
at com.ScreenshotfailTest.FailedTestScreenDemo.setUp(FailedTestScreenDemo.java:17)
at com.ScreenshotfailTest.FailedTestScreenDemo.setUp(FailedTestScreenDemo.java:17)
at com.ScreenshotfailTest.FailedTestScreenDemo.setUp(FailedTestScreenDemo.java:17)
at com.ScreenshotfailTest.FailedTestScreenDemo.setUp(FailedTestScreenDemo.java:17)
at com.ScreenshotfailTest.FailedTestScreenDemo.setUp(FailedTestScreenDemo.java:17)
at com.ScreenshotfailTest.FailedTestScreenDemo.setUp(FailedTestScreenDemo.java:17)
at com.ScreenshotfailTest.FailedTestScreenDemo.setUp(FailedTestScreenDemo.java:17)
at com.ScreenshotfailTest.FailedTestScreenDemo.setUp(FailedTestScreenDemo.java:17)
at com.ScreenshotfailTest.FailedTestScreenDemo.setUp(FailedTestScreenDemo.java:17)
at com.ScreenshotfailTest.FailedTestScreenDemo.setUp(FailedTestScreenDemo.java:17)
at com.ScreenshotfailTest.FailedTestScreenDemo.setUp(FailedTestScreenDemo.java:17)
at com.ScreenshotfailTest.FailedTestScreenDemo.setUp(FailedTestScreenDemo.java:17)
at com.ScreenshotfailTest.FailedTestScreenDemo.setUp(FailedTestScreenDemo.java:17)
at com.ScreenshotfailTest.FailedTestScreenDemo.setUp(FailedTestScreenDemo.java:17)
at com.ScreenshotfailTest.FailedTestScreenDemo.setUp(FailedTestScreenDemo.java:17)
at com.ScreenshotfailTest.FailedTestScreenDemo.setUp(FailedTestScreenDemo.java:17)
at com.ScreenshotfailTest.FailedTestScreenDemo.setUp(FailedTestScreenDemo.java:17)
at com.ScreenshotfailTest.FailedTestScreenDemo.setUp(FailedTestScreenDemo.java:17)
at com.ScreenshotfailTest.FailedTestScreenDemo.setUp(FailedTestScreenDemo.java:17)
at com.ScreenshotfailTest.FailedTestScreenDemo.setUp(FailedTestScreenDemo.java:17)
at com.ScreenshotfailTest.FailedTestScreenDemo.setUp(FailedTestScreenDemo.java:17)
at com.ScreenshotfailTest.FailedTestScreenDemo.setUp(FailedTestScreenDemo.java:17)
at com.ScreenshotfailTest.FailedTestScreenDemo.setUp(FailedTestScreenDemo.java:17)
at com.ScreenshotfailTest.FailedTestScreenDemo.setUp(FailedTestScreenDemo.java:17)
at com.ScreenshotfailTest.FailedTestScreenDemo.setUp(FailedTestScreenDemo.java:17)
at com.ScreenshotfailTest.FailedTestScreenDemo.setUp(FailedTestScreenDemo.java:17)
at com.ScreenshotfailTest.FailedTestScreenDemo.setUp(FailedTestScreenDemo.java:17)
at com.ScreenshotfailTest.FailedTestScreenDemo.setUp(FailedTestScreenDemo.java:17)
at com.ScreenshotfailTest.FailedTestScreenDemo.setUp(FailedTestScreenDemo.java:17)
at com.ScreenshotfailTest.FailedTestScreenDemo.setUp(FailedTestScreenDemo.java:17)
at com.ScreenshotfailTest.FailedTestScreenDemo.setUp(FailedTestScreenDemo.java:17)
at com.ScreenshotfailTest.FailedTestScreenDemo.setUp(FailedTestScreenDemo.java:17)
at com.ScreenshotfailTest.FailedTestScreenDemo.setUp(FailedTestScreenDemo.java:17)
at com.ScreenshotfailTest.FailedTestScreenDemo.setUp(FailedTestScreenDemo.java:17)
at com.ScreenshotfailTest.FailedTestScreenDemo.setUp(FailedTestScreenDemo.java:17)
at com.ScreenshotfailTest.FailedTestScreenDemo.setUp(FailedTestScreenDemo.java:17)
at com.ScreenshotfailTest.FailedTestScreenDemo.setUp(FailedTestScreenDemo.java:17)
at com.ScreenshotfailTest.FailedTestScreenDemo.setUp(FailedTestScreenDemo.java:17)
at com.ScreenshotfailTest.FailedTestScreenDemo.setUp(FailedTestScreenDemo.java:17)
at com.ScreenshotfailTest.FailedTestScreenDemo.setUp(FailedTestScreenDemo.java:17)
at com.ScreenshotfailTest.FailedTestScreenDemo.setUp(FailedTestScreenDemo.java:17)
at com.ScreenshotfailTest.FailedTestScreenDemo.setUp(FailedTestScreenDemo.java:17)
at com.ScreenshotfailTest.FailedTestScreenDemo.setUp(FailedTestScreenDemo.java:17)
at com.ScreenshotfailTest.FailedTestScreenDemo.setUp(FailedTestScreenDemo.java:17)
at com.ScreenshotfailTest.FailedTestScreenDemo.setUp(FailedTestScreenDemo.java:17)
at com.ScreenshotfailTest.FailedTestScreenDemo.setUp(FailedTestScreenDemo.java:17)
at com.ScreenshotfailTest.FailedTestScreenDemo.setUp(FailedTestScreenDemo.java:17)
at com.ScreenshotfailTest.FailedTestScreenDemo.setUp(FailedTestScreenDemo.java:17)
at com.ScreenshotfailTest.FailedTestScreenDemo.setUp(FailedTestScreenDemo.java:17)
at com.ScreenshotfailTest.FailedTestScreenDemo.setUp(FailedTestScreenDemo.java:17)
at com.ScreenshotfailTest.FailedTestScreenDemo.setUp(FailedTestScreenDemo.java:17)
at com.ScreenshotfailTest.FailedTestScreenDemo.setUp(FailedTestScreenDemo.java:17)
at com.ScreenshotfailTest.FailedTestScreenDemo.setUp(FailedTestScreenDemo.java:17)
at com.ScreenshotfailTest.FailedTestScreenDemo.setUp(FailedTestScreenDemo.java:17)
at com.ScreenshotfailTest.FailedTestScreenDemo.setUp(FailedTestScreenDemo.java:17)
at com.ScreenshotfailTest.FailedTestScreenDemo.setUp(FailedTestScreenDemo.java:17)
at com.ScreenshotfailTest.FailedTestScreenDemo.setUp(FailedTestScreenDemo.java:17)
at com.ScreenshotfailTest.FailedTestScreenDemo.setUp(FailedTestScreenDemo.java:17)
at com.ScreenshotfailTest.FailedTestScreenDemo.setUp(FailedTestScreenDemo.java:17)
at com.ScreenshotfailTest.FailedTestScreenDemo.setUp(FailedTestScreenDemo.java:17)
at com.ScreenshotfailTest.FailedTestScreenDemo.setUp(FailedTestScreenDemo.java:17)
at com.ScreenshotfailTest.FailedTestScreenDemo.setUp(FailedTestScreenDemo.java:17)
at com.ScreenshotfailTest.FailedTestScreenDemo.setUp(FailedTestScreenDemo.java:17)
at com.ScreenshotfailTest.FailedTestScreenDemo.setUp(FailedTestScreenDemo.java:17)
at com.ScreenshotfailTest.FailedTestScreenDemo.setUp(FailedTestScreenDemo.java:17)
at com.ScreenshotfailTest.FailedTestScreenDemo.setUp(FailedTestScreenDemo.java:17)
at com.ScreenshotfailTest.FailedTestScreenDemo.setUp(FailedTestScreenDemo.java:17)
at com.ScreenshotfailTest.FailedTestScreenDemo.setUp(FailedTestScreenDemo.java:17)
at com.ScreenshotfailTest.FailedTestScreenDemo.setUp(FailedTestScreenDemo.java:17)
at com.ScreenshotfailTest.FailedTestScreenDemo.setUp(FailedTestScreenDemo.java:17)
at com.ScreenshotfailTest.FailedTestScreenDemo.setUp(FailedTestScreenDemo.java:17)
at com.ScreenshotfailTest.FailedTestScreenDemo.setUp(FailedTestScreenDemo.java:17)
at com.ScreenshotfailTest.FailedTestScreenDemo.setUp(FailedTestScreenDemo.java:17)
at com.ScreenshotfailTest.FailedTestScreenDemo.setUp(FailedTestScreenDemo.java:17)
at com.ScreenshotfailTest.FailedTestScreenDemo.setUp(FailedTestScreenDemo.java:17)
at com.ScreenshotfailTest.FailedTestScreenDemo.setUp(FailedTestScreenDemo.java:17)
at com.ScreenshotfailTest.FailedTestScreenDemo.setUp(FailedTestScreenDemo.java:17)
at com.ScreenshotfailTest.FailedTestScreenDemo.setUp(FailedTestScreenDemo.java:17)
at com.ScreenshotfailTest.FailedTestScreenDemo.setUp(FailedTestScreenDemo.java:17)
at com.ScreenshotfailTest.FailedTestScreenDemo.setUp(FailedTestScreenDemo.java:17)
at com.ScreenshotfailTest.FailedTestScreenDemo.setUp(FailedTestScreenDemo.java:17)
at com.ScreenshotfailTest.FailedTestScreenDemo.setUp(FailedTestScreenDemo.java:17)
at com.ScreenshotfailTest.FailedTestScreenDemo.setUp(FailedTestScreenDemo.java:17)
at com.ScreenshotfailTest.FailedTestScreenDemo.setUp(FailedTestScreenDemo.java:17)
at com.ScreenshotfailTest.FailedTestScreenDemo.setUp(FailedTestScreenDemo.java:17)
at com.ScreenshotfailTest.FailedTestScreenDemo.setUp(FailedTestScreenDemo.java:17)
at com.ScreenshotfailTest.FailedTestScreenDemo.setUp(FailedTestScreenDemo.java:17)
at com.ScreenshotfailTest.FailedTestScreenDemo.setUp(FailedTestScreenDemo.java:17)
at com.ScreenshotfailTest.FailedTestScreenDemo.setUp(FailedTestScreenDemo.java:17)
at com.ScreenshotfailTest.FailedTestScreenDemo.setUp(FailedTestScreenDemo.java:17)
at com.ScreenshotfailTest.FailedTestScreenDemo.setUp(FailedTestScreenDemo.java:17)
at com.ScreenshotfailTest.FailedTestScreenDemo.setUp(FailedTestScreenDemo.java:17)
at com.ScreenshotfailTest.FailedTestScreenDemo.setUp(FailedTestScreenDemo.java:17)
at com.ScreenshotfailTest.FailedTestScreenDemo.setUp(FailedTestScreenDemo.java:17)
at com.ScreenshotfailTest.FailedTestScreenDemo.setUp(FailedTestScreenDemo.java:17)
at com.ScreenshotfailTest.FailedTestScreenDemo.setUp(FailedTestScreenDemo.java:17)
at com.ScreenshotfailTest.FailedTestScreenDemo.setUp(FailedTestScreenDemo.java:17)
at com.ScreenshotfailTest.FailedTestScreenDemo.setUp(FailedTestScreenDemo.java:17)
at com.ScreenshotfailTest.FailedTestScreenDemo.setUp(FailedTestScreenDemo.java:17)
at com.ScreenshotfailTest.FailedTestScreenDemo.setUp(FailedTestScreenDemo.java:17)
at com.ScreenshotfailTest.FailedTestScreenDemo.setUp(FailedTestScreenDemo.java:17)
at com.ScreenshotfailTest.FailedTestScreenDemo.setUp(FailedTestScreenDemo.java:17)
at com.ScreenshotfailTest.FailedTestScreenDemo.setUp(FailedTestScreenDemo.java:17)
at com.ScreenshotfailTest.FailedTestScreenDemo.setUp(FailedTestScreenDemo.java:17)
at com.ScreenshotfailTest.FailedTestScreenDemo.setUp(FailedTestScreenDemo.java:17)
at com.ScreenshotfailTest.FailedTestScreenDemo.setUp(FailedTestScreenDemo.java:17)
at com.ScreenshotfailTest.FailedTestScreenDemo.setUp(FailedTestScreenDemo.java:17)
at com.ScreenshotfailTest.FailedTestScreenDemo.setUp(FailedTestScreenDemo.java:17)
at com.ScreenshotfailTest.FailedTestScreenDemo.setUp(FailedTestScreenDemo.java:17)
at com.ScreenshotfailTest.FailedTestScreenDemo.setUp(FailedTestScreenDemo.java:17)
at com.ScreenshotfailTest.FailedTestScreenDemo.setUp(FailedTestScreenDemo.java:17)
at com.ScreenshotfailTest.FailedTestScreenDemo.setUp(FailedTestScreenDemo.java:17)
at com.ScreenshotfailTest.FailedTestScreenDemo.setUp(FailedTestScreenDemo.java:17)
at com.ScreenshotfailTest.FailedTestScreenDemo.setUp(FailedTestScreenDemo.java:17)
at com.ScreenshotfailTest.FailedTestScreenDemo.setUp(FailedTestScreenDemo.java:17)
at com.ScreenshotfailTest.FailedTestScreenDemo.setUp(FailedTestScreenDemo.java:17)
at com.ScreenshotfailTest.FailedTestScreenDemo.setUp(FailedTestScreenDemo.java:17)
at com.ScreenshotfailTest.FailedTestScreenDemo.setUp(FailedTestScreenDemo.java:17)
at com.ScreenshotfailTest.FailedTestScreenDemo.setUp(FailedTestScreenDemo.java:17)
at com.ScreenshotfailTest.FailedTestScreenDemo.setUp(FailedTestScreenDemo.java:17)
at com.ScreenshotfailTest.FailedTestScreenDemo.setUp(FailedTestScreenDemo.java:17)
at com.ScreenshotfailTest.FailedTestScreenDemo.setUp(FailedTestScreenDemo.java:17)
at com.ScreenshotfailTest.FailedTestScreenDemo.setUp(FailedTestScreenDemo.java:17)
at com.ScreenshotfailTest.FailedTestScreenDemo.setUp(FailedTestScreenDemo.java:17)
at com.ScreenshotfailTest.FailedTestScreenDemo.setUp(FailedTestScreenDemo.java:17)
at com.ScreenshotfailTest.FailedTestScreenDemo.setUp(FailedTestScreenDemo.java:17)
at com.ScreenshotfailTest.FailedTestScreenDemo.setUp(FailedTestScreenDemo.java:17)
at com.ScreenshotfailTest.FailedTestScreenDemo.setUp(FailedTestScreenDemo.java:17)
at com.ScreenshotfailTest.FailedTestScreenDemo.setUp(FailedTestScreenDemo.java:17)
at com.ScreenshotfailTest.FailedTestScreenDemo.setUp(FailedTestScreenDemo.java:17)
at com.ScreenshotfailTest.FailedTestScreenDemo.setUp(FailedTestScreenDemo.java:17)
at com.ScreenshotfailTest.FailedTestScreenDemo.setUp(FailedTestScreenDemo.java:17)
at com.ScreenshotfailTest.FailedTestScreenDemo.setUp(FailedTestScreenDemo.java:17)
at com.ScreenshotfailTest.FailedTestScreenDemo.setUp(FailedTestScreenDemo.java:17)
at com.ScreenshotfailTest.FailedTestScreenDemo.setUp(FailedTestScreenDemo.java:17)
at com.ScreenshotfailTest.FailedTestScreenDemo.setUp(FailedTestScreenDemo.java:17)
at com.ScreenshotfailTest.FailedTestScreenDemo.setUp(FailedTestScreenDemo.java:17)
at com.ScreenshotfailTest.FailedTestScreenDemo.setUp(FailedTestScreenDemo.java:17)
at com.ScreenshotfailTest.FailedTestScreenDemo.setUp(FailedTestScreenDemo.java:17)
at com.ScreenshotfailTest.FailedTestScreenDemo.setUp(FailedTestScreenDemo.java:17)
at com.ScreenshotfailTest.FailedTestScreenDemo.setUp(FailedTestScreenDemo.java:17)
at com.ScreenshotfailTest.FailedTestScreenDemo.setUp(FailedTestScreenDemo.java:17)
at com.ScreenshotfailTest.FailedTestScreenDemo.setUp(FailedTestScreenDemo.java:17)
at com.ScreenshotfailTest.FailedTestScreenDemo.setUp(FailedTestScreenDemo.java:17)
at com.ScreenshotfailTest.FailedTestScreenDemo.setUp(FailedTestScreenDemo.java:17)
at com.ScreenshotfailTest.FailedTestScreenDemo.setUp(FailedTestScreenDemo.java:17)
at com.ScreenshotfailTest.FailedTestScreenDemo.setUp(FailedTestScreenDemo.java:17)
at com.ScreenshotfailTest.FailedTestScreenDemo.setUp(FailedTestScreenDemo.java:17)
at com.ScreenshotfailTest.FailedTestScreenDemo.setUp(FailedTestScreenDemo.java:17)
at com.ScreenshotfailTest.FailedTestScreenDemo.setUp(FailedTestScreenDemo.java:17)
at com.ScreenshotfailTest.FailedTestScreenDemo.setUp(FailedTestScreenDemo.java:17)
at com.ScreenshotfailTest.FailedTestScreenDemo.setUp(FailedTestScreenDemo.java:17)
at com.ScreenshotfailTest.FailedTestScreenDemo.setUp(FailedTestScreenDemo.java:17)
at com.ScreenshotfailTest.FailedTestScreenDemo.setUp(FailedTestScreenDemo.java:17)
at com.ScreenshotfailTest.FailedTestScreenDemo.setUp(FailedTestScreenDemo.java:17)
at com.ScreenshotfailTest.FailedTestScreenDemo.setUp(FailedTestScreenDemo.java:17)
at com.ScreenshotfailTest.FailedTestScreenDemo.setUp(FailedTestScreenDemo.java:17)
at com.ScreenshotfailTest.FailedTestScreenDemo.setUp(FailedTestScreenDemo.java:17)
at com.ScreenshotfailTest.FailedTestScreenDemo.setUp(FailedTestScreenDemo.java:17)
at com.ScreenshotfailTest.FailedTestScreenDemo.setUp(FailedTestScreenDemo.java:17)
at com.ScreenshotfailTest.FailedTestScreenDemo.setUp(FailedTestScreenDemo.java:17)
at com.ScreenshotfailTest.FailedTestScreenDemo.setUp(FailedTestScreenDemo.java:17)
at com.ScreenshotfailTest.FailedTestScreenDemo.setUp(FailedTestScreenDemo.java:17)
at com.ScreenshotfailTest.FailedTestScreenDemo.setUp(FailedTestScreenDemo.java:17)
at com.ScreenshotfailTest.FailedTestScreenDemo.setUp(FailedTestScreenDemo.java:17)
at com.ScreenshotfailTest.FailedTestScreenDemo.setUp(FailedTestScreenDemo.java:17)
at com.ScreenshotfailTest.FailedTestScreenDemo.setUp(FailedTestScreenDemo.java:17)
at com.ScreenshotfailTest.FailedTestScreenDemo.setUp(FailedTestScreenDemo.java:17)
at com.ScreenshotfailTest.FailedTestScreenDemo.setUp(FailedTestScreenDemo.java:17)
at com.ScreenshotfailTest.FailedTestScreenDemo.setUp(FailedTestScreenDemo.java:17)
at com.ScreenshotfailTest.FailedTestScreenDemo.setUp(FailedTestScreenDemo.java:17)
at com.ScreenshotfailTest.FailedTestScreenDemo.setUp(FailedTestScreenDemo.java:17)
at com.ScreenshotfailTest.FailedTestScreenDemo.setUp(FailedTestScreenDemo.java:17)
at com.ScreenshotfailTest.FailedTestScreenDemo.setUp(FailedTestScreenDemo.java:17)
at com.ScreenshotfailTest.FailedTestScreenDemo.setUp(FailedTestScreenDemo.java:17)
at com.ScreenshotfailTest.FailedTestScreenDemo.setUp(FailedTestScreenDemo.java:17)
at com.ScreenshotfailTest.FailedTestScreenDemo.setUp(FailedTestScreenDemo.java:17)
at com.ScreenshotfailTest.FailedTestScreenDemo.setUp(FailedTestScreenDemo.java:17)
at com.ScreenshotfailTest.FailedTestScreenDemo.setUp(FailedTestScreenDemo.java:17)
at com.ScreenshotfailTest.FailedTestScreenDemo.setUp(FailedTestScreenDemo.java:17)
at com.ScreenshotfailTest.FailedTestScreenDemo.setUp(FailedTestScreenDemo.java:17)
at com.ScreenshotfailTest.FailedTestScreenDemo.setUp(FailedTestScreenDemo.java:17)
at com.ScreenshotfailTest.FailedTestScreenDemo.setUp(FailedTestScreenDemo.java:17)
at com.ScreenshotfailTest.FailedTestScreenDemo.setUp(FailedTestScreenDemo.java:17)
at com.ScreenshotfailTest.FailedTestScreenDemo.setUp(FailedTestScreenDemo.java:17)
at com.ScreenshotfailTest.FailedTestScreenDemo.setUp(FailedTestScreenDemo.java:17)
at com.ScreenshotfailTest.FailedTestScreenDemo.setUp(FailedTestScreenDemo.java:17)
at com.ScreenshotfailTest.FailedTestScreenDemo.setUp(FailedTestScreenDemo.java:17)
at com.ScreenshotfailTest.FailedTestScreenDemo.setUp(FailedTestScreenDemo.java:17)
at com.ScreenshotfailTest.FailedTestScreenDemo.setUp(FailedTestScreenDemo.java:17)
at com.ScreenshotfailTest.FailedTestScreenDemo.setUp(FailedTestScreenDemo.java:17)
at com.ScreenshotfailTest.FailedTestScreenDemo.setUp(FailedTestScreenDemo.java:17)
at com.ScreenshotfailTest.FailedTestScreenDemo.setUp(FailedTestScreenDemo.java:17)
at com.ScreenshotfailTest.FailedTestScreenDemo.setUp(FailedTestScreenDemo.java:17)
at com.ScreenshotfailTest.FailedTestScreenDemo.setUp(FailedTestScreenDemo.java:17)
at com.ScreenshotfailTest.FailedTestScreenDemo.setUp(FailedTestScreenDemo.java:17)
at com.ScreenshotfailTest.FailedTestScreenDemo.setUp(FailedTestScreenDemo.java:17)
at com.ScreenshotfailTest.FailedTestScreenDemo.setUp(FailedTestScreenDemo.java:17)
at com.ScreenshotfailTest.FailedTestScreenDemo.setUp(FailedTestScreenDemo.java:17)
at com.ScreenshotfailTest.FailedTestScreenDemo.setUp(FailedTestScreenDemo.java:17)
at com.ScreenshotfailTest.FailedTestScreenDemo.setUp(FailedTestScreenDemo.java:17)
at com.ScreenshotfailTest.FailedTestScreenDemo.setUp(FailedTestScreenDemo.java:17)
at com.ScreenshotfailTest.FailedTestScreenDemo.setUp(FailedTestScreenDemo.java:17)
at com.ScreenshotfailTest.FailedTestScreenDemo.setUp(FailedTestScreenDemo.java:17)
at com.ScreenshotfailTest.FailedTestScreenDemo.setUp(FailedTestScreenDemo.java:17)
at com.ScreenshotfailTest.FailedTestScreenDemo.setUp(FailedTestScreenDemo.java:17)
at com.ScreenshotfailTest.FailedTestScreenDemo.setUp(FailedTestScreenDemo.java:17)
at com.ScreenshotfailTest.FailedTestScreenDemo.setUp(FailedTestScreenDemo.java:17)
at com.ScreenshotfailTest.FailedTestScreenDemo.setUp(FailedTestScreenDemo.java:17)
at com.ScreenshotfailTest.FailedTestScreenDemo.setUp(FailedTestScreenDemo.java:17)
at com.ScreenshotfailTest.FailedTestScreenDemo.setUp(FailedTestScreenDemo.java:17)
at com.ScreenshotfailTest.FailedTestScreenDemo.setUp(FailedTestScreenDemo.java:17)
at com.ScreenshotfailTest.FailedTestScreenDemo.setUp(FailedTestScreenDemo.java:17)
at com.ScreenshotfailTest.FailedTestScreenDemo.setUp(FailedTestScreenDemo.java:17)
at com.ScreenshotfailTest.FailedTestScreenDemo.setUp(FailedTestScreenDemo.java:17)
at com.ScreenshotfailTest.FailedTestScreenDemo.setUp(FailedTestScreenDemo.java:17)
at com.ScreenshotfailTest.FailedTestScreenDemo.setUp(FailedTestScreenDemo.java:17)
at com.ScreenshotfailTest.FailedTestScreenDemo.setUp(FailedTestScreenDemo.java:17)
at com.ScreenshotfailTest.FailedTestScreenDemo.setUp(FailedTestScreenDemo.java:17)
at com.ScreenshotfailTest.FailedTestScreenDemo.setUp(FailedTestScreenDemo.java:17)
at com.ScreenshotfailTest.FailedTestScreenDemo.setUp(FailedTestScreenDemo.java:17)
at com.ScreenshotfailTest.FailedTestScreenDemo.setUp(FailedTestScreenDemo.java:17)
at com.ScreenshotfailTest.FailedTestScreenDemo.setUp(FailedTestScreenDemo.java:17)
at com.ScreenshotfailTest.FailedTestScreenDemo.setUp(FailedTestScreenDemo.java:17)
at com.ScreenshotfailTest.FailedTestScreenDemo.setUp(FailedTestScreenDemo.java:17)
at com.ScreenshotfailTest.FailedTestScreenDemo.setUp(FailedTestScreenDemo.java:17)
at com.ScreenshotfailTest.FailedTestScreenDemo.setUp(FailedTestScreenDemo.java:17)
at com.ScreenshotfailTest.FailedTestScreenDemo.setUp(FailedTestScreenDemo.java:17)
at com.ScreenshotfailTest.FailedTestScreenDemo.setUp(FailedTestScreenDemo.java:17)
at com.ScreenshotfailTest.FailedTestScreenDemo.setUp(FailedTestScreenDemo.java:17)
at com.ScreenshotfailTest.FailedTestScreenDemo.setUp(FailedTestScreenDemo.java:17)
at com.ScreenshotfailTest.FailedTestScreenDemo.setUp(FailedTestScreenDemo.java:17)
at com.ScreenshotfailTest.FailedTestScreenDemo.setUp(FailedTestScreenDemo.java:17)
at com.ScreenshotfailTest.FailedTestScreenDemo.setUp(FailedTestScreenDemo.java:17)
at com.ScreenshotfailTest.FailedTestScreenDemo.setUp(FailedTestScreenDemo.java:17)
at com.ScreenshotfailTest.FailedTestScreenDemo.setUp(FailedTestScreenDemo.java:17)
at com.ScreenshotfailTest.FailedTestScreenDemo.setUp(FailedTestScreenDemo.java:17)
at com.ScreenshotfailTest.FailedTestScreenDemo.setUp(FailedTestScreenDemo.java:17)
at com.ScreenshotfailTest.FailedTestScreenDemo.setUp(FailedTestScreenDemo.java:17)
at com.ScreenshotfailTest.FailedTestScreenDemo.setUp(FailedTestScreenDemo.java:17)
at com.ScreenshotfailTest.FailedTestScreenDemo.setUp(FailedTestScreenDemo.java:17)
at com.ScreenshotfailTest.FailedTestScreenDemo.setUp(FailedTestScreenDemo.java:17)
at com.ScreenshotfailTest.FailedTestScreenDemo.setUp(FailedTestScreenDemo.java:17)
at com.ScreenshotfailTest.FailedTestScreenDemo.setUp(FailedTestScreenDemo.java:17)
at com.ScreenshotfailTest.FailedTestScreenDemo.setUp(FailedTestScreenDemo.java:17)
at com.ScreenshotfailTest.FailedTestScreenDemo.setUp(FailedTestScreenDemo.java:17)
at com.ScreenshotfailTest.FailedTestScreenDemo.setUp(FailedTestScreenDemo.java:17)
at com.ScreenshotfailTest.FailedTestScreenDemo.setUp(FailedTestScreenDemo.java:17)
at com.ScreenshotfailTest.FailedTestScreenDemo.setUp(FailedTestScreenDemo.java:17)
at com.ScreenshotfailTest.FailedTestScreenDemo.setUp(FailedTestScreenDemo.java:17)
at com.ScreenshotfailTest.FailedTestScreenDemo.setUp(FailedTestScreenDemo.java:17)
at com.ScreenshotfailTest.FailedTestScreenDemo.setUp(FailedTestScreenDemo.java:17)
at com.ScreenshotfailTest.FailedTestScreenDemo.setUp(FailedTestScreenDemo.java:17)
at com.ScreenshotfailTest.FailedTestScreenDemo.setUp(FailedTestScreenDemo.java:17)
at com.ScreenshotfailTest.FailedTestScreenDemo.setUp(FailedTestScreenDemo.java:17)
at com.ScreenshotfailTest.FailedTestScreenDemo.setUp(FailedTestScreenDemo.java:17)
at com.ScreenshotfailTest.FailedTestScreenDemo.setUp(FailedTestScreenDemo.java:17)
at com.ScreenshotfailTest.FailedTestScreenDemo.setUp(FailedTestScreenDemo.java:17)
at com.ScreenshotfailTest.FailedTestScreenDemo.setUp(FailedTestScreenDemo.java:17)
at com.ScreenshotfailTest.FailedTestScreenDemo.setUp(FailedTestScreenDemo.java:17)
at com.ScreenshotfailTest.FailedTestScreenDemo.setUp(FailedTestScreenDemo.java:17)
at com.ScreenshotfailTest.FailedTestScreenDemo.setUp(FailedTestScreenDemo.java:17)
at com.ScreenshotfailTest.FailedTestScreenDemo.setUp(FailedTestScreenDemo.java:17)
at com.ScreenshotfailTest.FailedTestScreenDemo.setUp(FailedTestScreenDemo.java:17)
at com.ScreenshotfailTest.FailedTestScreenDemo.setUp(FailedTestScreenDemo.java:17)
at com.ScreenshotfailTest.FailedTestScreenDemo.setUp(FailedTestScreenDemo.java:17)
at com.ScreenshotfailTest.FailedTestScreenDemo.setUp(FailedTestScreenDemo.java:17)
at com.ScreenshotfailTest.FailedTestScreenDemo.setUp(FailedTestScreenDemo.java:17)
at com.ScreenshotfailTest.FailedTestScreenDemo.setUp(FailedTestScreenDemo.java:17)
at com.ScreenshotfailTest.FailedTestScreenDemo.setUp(FailedTestScreenDemo.java:17)
at com.ScreenshotfailTest.FailedTestScreenDemo.setUp(FailedTestScreenDemo.java:17)
at com.ScreenshotfailTest.FailedTestScreenDemo.setUp(FailedTestScreenDemo.java:17)
at com.ScreenshotfailTest.FailedTestScreenDemo.setUp(FailedTestScreenDemo.java:17)
at com.ScreenshotfailTest.FailedTestScreenDemo.setUp(FailedTestScreenDemo.java:17)
at com.ScreenshotfailTest.FailedTestScreenDemo.setUp(FailedTestScreenDemo.java:17)
at com.ScreenshotfailTest.FailedTestScreenDemo.setUp(FailedTestScreenDemo.java:17)
at com.ScreenshotfailTest.FailedTestScreenDemo.setUp(FailedTestScreenDemo.java:17)
at com.ScreenshotfailTest.FailedTestScreenDemo.setUp(FailedTestScreenDemo.java:17)
at com.ScreenshotfailTest.FailedTestScreenDemo.setUp(FailedTestScreenDemo.java:17)
at com.ScreenshotfailTest.FailedTestScreenDemo.setUp(FailedTestScreenDemo.java:17)
at com.ScreenshotfailTest.FailedTestScreenDemo.setUp(FailedTestScreenDemo.java:17)
at com.ScreenshotfailTest.FailedTestScreenDemo.setUp(FailedTestScreenDemo.java:17)
at com.ScreenshotfailTest.FailedTestScreenDemo.setUp(FailedTestScreenDemo.java:17)
at com.ScreenshotfailTest.FailedTestScreenDemo.setUp(FailedTestScreenDemo.java:17)
at com.ScreenshotfailTest.FailedTestScreenDemo.setUp(FailedTestScreenDemo.java:17)
at com.ScreenshotfailTest.FailedTestScreenDemo.setUp(FailedTestScreenDemo.java:17)
at com.ScreenshotfailTest.FailedTestScreenDemo.setUp(FailedTestScreenDemo.java:17)
at com.ScreenshotfailTest.FailedTestScreenDemo.setUp(FailedTestScreenDemo.java:17)
at com.ScreenshotfailTest.FailedTestScreenDemo.setUp(FailedTestScreenDemo.java:17)
at com.ScreenshotfailTest.FailedTestScreenDemo.setUp(FailedTestScreenDemo.java:17)
at com.ScreenshotfailTest.FailedTestScreenDemo.setUp(FailedTestScreenDemo.java:17)
at com.ScreenshotfailTest.FailedTestScreenDemo.setUp(FailedTestScreenDemo.java:17)
at com.ScreenshotfailTest.FailedTestScreenDemo.setUp(FailedTestScreenDemo.java:17)
at com.ScreenshotfailTest.FailedTestScreenDemo.setUp(FailedTestScreenDemo.java:17)
at com.ScreenshotfailTest.FailedTestScreenDemo.setUp(FailedTestScreenDemo.java:17)
at com.ScreenshotfailTest.FailedTestScreenDemo.setUp(FailedTestScreenDemo.java:17)
at com.ScreenshotfailTest.FailedTestScreenDemo.setUp(FailedTestScreenDemo.java:17)
at com.ScreenshotfailTest.FailedTestScreenDemo.setUp(FailedTestScreenDemo.java:17)
at com.ScreenshotfailTest.FailedTestScreenDemo.setUp(FailedTestScreenDemo.java:17)
at com.ScreenshotfailTest.FailedTestScreenDemo.setUp(FailedTestScreenDemo.java:17)
at com.ScreenshotfailTest.FailedTestScreenDemo.setUp(FailedTestScreenDemo.java:17)
at com.ScreenshotfailTest.FailedTestScreenDemo.setUp(FailedTestScreenDemo.java:17)
at com.ScreenshotfailTest.FailedTestScreenDemo.setUp(FailedTestScreenDemo.java:17)
at com.ScreenshotfailTest.FailedTestScreenDemo.setUp(FailedTestScreenDemo.java:17)
at com.ScreenshotfailTest.FailedTestScreenDemo.setUp(FailedTestScreenDemo.java:17)
at com.ScreenshotfailTest.FailedTestScreenDemo.setUp(FailedTestScreenDemo.java:17)
at com.ScreenshotfailTest.FailedTestScreenDemo.setUp(FailedTestScreenDemo.java:17)
at com.ScreenshotfailTest.FailedTestScreenDemo.setUp(FailedTestScreenDemo.java:17)
at com.ScreenshotfailTest.FailedTestScreenDemo.setUp(FailedTestScreenDemo.java:17)
at com.ScreenshotfailTest.FailedTestScreenDemo.setUp(FailedTestScreenDemo.java:17)
at com.ScreenshotfailTest.FailedTestScreenDemo.setUp(FailedTestScreenDemo.java:17)
at com.ScreenshotfailTest.FailedTestScreenDemo.setUp(FailedTestScreenDemo.java:17)
at com.ScreenshotfailTest.FailedTestScreenDemo.setUp(FailedTestScreenDemo.java:17)
at com.ScreenshotfailTest.FailedTestScreenDemo.setUp(FailedTestScreenDemo.java:17)
at com.ScreenshotfailTest.FailedTestScreenDemo.setUp(FailedTestScreenDemo.java:17)
at com.ScreenshotfailTest.FailedTestScreenDemo.setUp(FailedTestScreenDemo.java:17)
at com.ScreenshotfailTest.FailedTestScreenDemo.setUp(FailedTestScreenDemo.java:17)
at com.ScreenshotfailTest.FailedTestScreenDemo.setUp(FailedTestScreenDemo.java:17)
at com.ScreenshotfailTest.FailedTestScreenDemo.setUp(FailedTestScreenDemo.java:17)
at com.ScreenshotfailTest.FailedTestScreenDemo.setUp(FailedTestScreenDemo.java:17)
at com.ScreenshotfailTest.FailedTestScreenDemo.setUp(FailedTestScreenDemo.java:17)
at com.ScreenshotfailTest.FailedTestScreenDemo.setUp(FailedTestScreenDemo.java:17)
at com.ScreenshotfailTest.FailedTestScreenDemo.setUp(FailedTestScreenDemo.java:17)
at com.ScreenshotfailTest.FailedTestScreenDemo.setUp(FailedTestScreenDemo.java:17)
at com.ScreenshotfailTest.FailedTestScreenDemo.setUp(FailedTestScreenDemo.java:17)
at com.ScreenshotfailTest.FailedTestScreenDemo.setUp(FailedTestScreenDemo.java:17)
at com.ScreenshotfailTest.FailedTestScreenDemo.setUp(FailedTestScreenDemo.java:17)
at com.ScreenshotfailTest.FailedTestScreenDemo.setUp(FailedTestScreenDemo.java:17)
at com.ScreenshotfailTest.FailedTestScreenDemo.setUp(FailedTestScreenDemo.java:17)
at com.ScreenshotfailTest.FailedTestScreenDemo.setUp(FailedTestScreenDemo.java:17)
at com.ScreenshotfailTest.FailedTestScreenDemo.setUp(FailedTestScreenDemo.java:17)
at com.ScreenshotfailTest.FailedTestScreenDemo.setUp(FailedTestScreenDemo.java:17)
at com.ScreenshotfailTest.FailedTestScreenDemo.setUp(FailedTestScreenDemo.java:17)
at com.ScreenshotfailTest.FailedTestScreenDemo.setUp(FailedTestScreenDemo.java:17)
at com.ScreenshotfailTest.FailedTestScreenDemo.setUp(FailedTestScreenDemo.java:17)
at com.ScreenshotfailTest.FailedTestScreenDemo.setUp(FailedTestScreenDemo.java:17)
at com.ScreenshotfailTest.FailedTestScreenDemo.setUp(FailedTestScreenDemo.java:17)
at com.ScreenshotfailTest.FailedTestScreenDemo.setUp(FailedTestScreenDemo.java:17)
at com.ScreenshotfailTest.FailedTestScreenDemo.setUp(FailedTestScreenDemo.java:17)
at com.ScreenshotfailTest.FailedTestScreenDemo.setUp(FailedTestScreenDemo.java:17)
at com.ScreenshotfailTest.FailedTestScreenDemo.setUp(FailedTestScreenDemo.java:17)
at com.ScreenshotfailTest.FailedTestScreenDemo.setUp(FailedTestScreenDemo.java:17)
at com.ScreenshotfailTest.FailedTestScreenDemo.setUp(FailedTestScreenDemo.java:17)
at com.ScreenshotfailTest.FailedTestScreenDemo.setUp(FailedTestScreenDemo.java:17)
at com.ScreenshotfailTest.FailedTestScreenDemo.setUp(FailedTestScreenDemo.java:17)
at com.ScreenshotfailTest.FailedTestScreenDemo.setUp(FailedTestScreenDemo.java:17)
at com.ScreenshotfailTest.FailedTestScreenDemo.setUp(FailedTestScreenDemo.java:17)
at com.ScreenshotfailTest.FailedTestScreenDemo.setUp(FailedTestScreenDemo.java:17)
at com.ScreenshotfailTest.FailedTestScreenDemo.setUp(FailedTestScreenDemo.java:17)
at com.ScreenshotfailTest.FailedTestScreenDemo.setUp(FailedTestScreenDemo.java:17)
at com.ScreenshotfailTest.FailedTestScreenDemo.setUp(FailedTestScreenDemo.java:17)
at com.ScreenshotfailTest.FailedTestScreenDemo.setUp(FailedTestScreenDemo.java:17)
at com.ScreenshotfailTest.FailedTestScreenDemo.setUp(FailedTestScreenDemo.java:17)
at com.ScreenshotfailTest.FailedTestScreenDemo.setUp(FailedTestScreenDemo.java:17)
at com.ScreenshotfailTest.FailedTestScreenDemo.setUp(FailedTestScreenDemo.java:17)
at com.ScreenshotfailTest.FailedTestScreenDemo.setUp(FailedTestScreenDemo.java:17)
at com.ScreenshotfailTest.FailedTestScreenDemo.setUp(FailedTestScreenDemo.java:17)
at com.ScreenshotfailTest.FailedTestScreenDemo.setUp(FailedTestScreenDemo.java:17)
at com.ScreenshotfailTest.FailedTestScreenDemo.setUp(FailedTestScreenDemo.java:17)
at com.ScreenshotfailTest.FailedTestScreenDemo.setUp(FailedTestScreenDemo.java:17)
at com.ScreenshotfailTest.FailedTestScreenDemo.setUp(FailedTestScreenDemo.java:17)
at com.ScreenshotfailTest.FailedTestScreenDemo.setUp(FailedTestScreenDemo.java:17)
at com.ScreenshotfailTest.FailedTestScreenDemo.setUp(FailedTestScreenDemo.java:17)
at com.ScreenshotfailTest.FailedTestScreenDemo.setUp(FailedTestScreenDemo.java:17)
at com.ScreenshotfailTest.FailedTestScreenDemo.setUp(FailedTestScreenDemo.java:17)
at com.ScreenshotfailTest.FailedTestScreenDemo.setUp(FailedTestScreenDemo.java:17)
at com.ScreenshotfailTest.FailedTestScreenDemo.setUp(FailedTestScreenDemo.java:17)
at com.ScreenshotfailTest.FailedTestScreenDemo.setUp(FailedTestScreenDemo.java:17)
at com.ScreenshotfailTest.FailedTestScreenDemo.setUp(FailedTestScreenDemo.java:17)
at com.ScreenshotfailTest.FailedTestScreenDemo.setUp(FailedTestScreenDemo.java:17)
at com.ScreenshotfailTest.FailedTestScreenDemo.setUp(FailedTestScreenDemo.java:17)
at com.ScreenshotfailTest.FailedTestScreenDemo.setUp(FailedTestScreenDemo.java:17)
at com.ScreenshotfailTest.FailedTestScreenDemo.setUp(FailedTestScreenDemo.java:17)
at com.ScreenshotfailTest.FailedTestScreenDemo.setUp(FailedTestScreenDemo.java:17)
at com.ScreenshotfailTest.FailedTestScreenDemo.setUp(FailedTestScreenDemo.java:17)
at com.ScreenshotfailTest.FailedTestScreenDemo.setUp(FailedTestScreenDemo.java:17)
at com.ScreenshotfailTest.FailedTestScreenDemo.setUp(FailedTestScreenDemo.java:17)
at com.ScreenshotfailTest.FailedTestScreenDemo.setUp(FailedTestScreenDemo.java:17)
at com.ScreenshotfailTest.FailedTestScreenDemo.setUp(FailedTestScreenDemo.java:17)
at com.ScreenshotfailTest.FailedTestScreenDemo.setUp(FailedTestScreenDemo.java:17)
at com.ScreenshotfailTest.FailedTestScreenDemo.setUp(FailedTestScreenDemo.java:17)
at com.ScreenshotfailTest.FailedTestScreenDemo.setUp(FailedTestScreenDemo.java:17)
at com.ScreenshotfailTest.FailedTestScreenDemo.setUp(FailedTestScreenDemo.java:17)
at com.ScreenshotfailTest.FailedTestScreenDemo.setUp(FailedTestScreenDemo.java:17)
at com.ScreenshotfailTest.FailedTestScreenDemo.setUp(FailedTestScreenDemo.java:17)
at com.ScreenshotfailTest.FailedTestScreenDemo.setUp(FailedTestScreenDemo.java:17)
at com.ScreenshotfailTest.FailedTestScreenDemo.setUp(FailedTestScreenDemo.java:17)
at com.ScreenshotfailTest.FailedTestScreenDemo.setUp(FailedTestScreenDemo.java:17)
at com.ScreenshotfailTest.FailedTestScreenDemo.setUp(FailedTestScreenDemo.java:17)
at com.ScreenshotfailTest.FailedTestScreenDemo.setUp(FailedTestScreenDemo.java:17)
at com.ScreenshotfailTest.FailedTestScreenDemo.setUp(FailedTestScreenDemo.java:17)
at com.ScreenshotfailTest.FailedTestScreenDemo.setUp(FailedTestScreenDemo.java:17)
at com.ScreenshotfailTest.FailedTestScreenDemo.setUp(FailedTestScreenDemo.java:17)
at com.ScreenshotfailTest.FailedTestScreenDemo.setUp(FailedTestScreenDemo.java:17)
at com.ScreenshotfailTest.FailedTestScreenDemo.setUp(FailedTestScreenDemo.java:17)
at com.ScreenshotfailTest.FailedTestScreenDemo.setUp(FailedTestScreenDemo.java:17)
at com.ScreenshotfailTest.FailedTestScreenDemo.setUp(FailedTestScreenDemo.java:17)
at com.ScreenshotfailTest.FailedTestScreenDemo.setUp(FailedTestScreenDemo.java:17)
at com.ScreenshotfailTest.FailedTestScreenDemo.setUp(FailedTestScreenDemo.java:17)
at com.ScreenshotfailTest.FailedTestScreenDemo.setUp(FailedTestScreenDemo.java:17)
at com.ScreenshotfailTest.FailedTestScreenDemo.setUp(FailedTestScreenDemo.java:17)
at com.ScreenshotfailTest.FailedTestScreenDemo.setUp(FailedTestScreenDemo.java:17)
at com.ScreenshotfailTest.FailedTestScreenDemo.setUp(FailedTestScreenDemo.java:17)
at com.ScreenshotfailTest.FailedTestScreenDemo.setUp(FailedTestScreenDemo.java:17)
at com.ScreenshotfailTest.FailedTestScreenDemo.setUp(FailedTestScreenDemo.java:17)
at com.ScreenshotfailTest.FailedTestScreenDemo.setUp(FailedTestScreenDemo.java:17)
at com.ScreenshotfailTest.FailedTestScreenDemo.setUp(FailedTestScreenDemo.java:17)
at com.ScreenshotfailTest.FailedTestScreenDemo.setUp(FailedTestScreenDemo.java:17)
at com.ScreenshotfailTest.FailedTestScreenDemo.setUp(FailedTestScreenDemo.java:17)
at com.ScreenshotfailTest.FailedTestScreenDemo.setUp(FailedTestScreenDemo.java:17)
at com.ScreenshotfailTest.FailedTestScreenDemo.setUp(FailedTestScreenDemo.java:17)
at com.ScreenshotfailTest.FailedTestScreenDemo.setUp(FailedTestScreenDemo.java:17)
at com.ScreenshotfailTest.FailedTestScreenDemo.setUp(FailedTestScreenDemo.java:17)
at com.ScreenshotfailTest.FailedTestScreenDemo.setUp(FailedTestScreenDemo.java:17)
at com.ScreenshotfailTest.FailedTestScreenDemo.setUp(FailedTestScreenDemo.java:17)
at com.ScreenshotfailTest.FailedTestScreenDemo.setUp(FailedTestScreenDemo.java:17)
at com.ScreenshotfailTest.FailedTestScreenDemo.setUp(FailedTestScreenDemo.java:17)
at com.ScreenshotfailTest.FailedTestScreenDemo.setUp(FailedTestScreenDemo.java:17)
at com.ScreenshotfailTest.FailedTestScreenDemo.setUp(FailedTestScreenDemo.java:17)
at com.ScreenshotfailTest.FailedTestScreenDemo.setUp(FailedTestScreenDemo.java:17)
at com.ScreenshotfailTest.FailedTestScreenDemo.setUp(FailedTestScreenDemo.java:17)
at com.ScreenshotfailTest.FailedTestScreenDemo.setUp(FailedTestScreenDemo.java:17)
at com.ScreenshotfailTest.FailedTestScreenDemo.setUp(FailedTestScreenDemo.java:17)
at com.ScreenshotfailTest.FailedTestScreenDemo.setUp(FailedTestScreenDemo.java:17)
at com.ScreenshotfailTest.FailedTestScreenDemo.setUp(FailedTestScreenDemo.java:17)
at com.ScreenshotfailTest.FailedTestScreenDemo.setUp(FailedTestScreenDemo.java:17)
at com.ScreenshotfailTest.FailedTestScreenDemo.setUp(FailedTestScreenDemo.java:17)
at com.ScreenshotfailTest.FailedTestScreenDemo.setUp(FailedTestScreenDemo.java:17)
at com.ScreenshotfailTest.FailedTestScreenDemo.setUp(FailedTestScreenDemo.java:17)
at com.ScreenshotfailTest.FailedTestScreenDemo.setUp(FailedTestScreenDemo.java:17)
at com.ScreenshotfailTest.FailedTestScreenDemo.setUp(FailedTestScreenDemo.java:17)
at com.ScreenshotfailTest.FailedTestScreenDemo.setUp(FailedTestScreenDemo.java:17)
at com.ScreenshotfailTest.FailedTestScreenDemo.setUp(FailedTestScreenDemo.java:17)
at com.ScreenshotfailTest.FailedTestScreenDemo.setUp(FailedTestScreenDemo.java:17)
at com.ScreenshotfailTest.FailedTestScreenDemo.setUp(FailedTestScreenDemo.java:17)
at com.ScreenshotfailTest.FailedTestScreenDemo.setUp(FailedTestScreenDemo.java:17)
at com.ScreenshotfailTest.FailedTestScreenDemo.setUp(FailedTestScreenDemo.java:17)
at com.ScreenshotfailTest.FailedTestScreenDemo.setUp(FailedTestScreenDemo.java:17)
at com.ScreenshotfailTest.FailedTestScreenDemo.setUp(FailedTestScreenDemo.java:17)
at com.ScreenshotfailTest.FailedTestScreenDemo.setUp(FailedTestScreenDemo.java:17)
at com.ScreenshotfailTest.FailedTestScreenDemo.setUp(FailedTestScreenDemo.java:17)
at com.ScreenshotfailTest.FailedTestScreenDemo.setUp(FailedTestScreenDemo.java:17)
at com.ScreenshotfailTest.FailedTestScreenDemo.setUp(FailedTestScreenDemo.java:17)
at com.ScreenshotfailTest.FailedTestScreenDemo.setUp(FailedTestScreenDemo.java:17)
at com.ScreenshotfailTest.FailedTestScreenDemo.setUp(FailedTestScreenDemo.java:17)
at com.ScreenshotfailTest.FailedTestScreenDemo.setUp(FailedTestScreenDemo.java:17)
at com.ScreenshotfailTest.FailedTestScreenDemo.setUp(FailedTestScreenDemo.java:17)
at com.ScreenshotfailTest.FailedTestScreenDemo.setUp(FailedTestScreenDemo.java:17)
at com.ScreenshotfailTest.FailedTestScreenDemo.setUp(FailedTestScreenDemo.java:17)
at com.ScreenshotfailTest.FailedTestScreenDemo.setUp(FailedTestScreenDemo.java:17)
at com.ScreenshotfailTest.FailedTestScreenDemo.setUp(FailedTestScreenDemo.java:17)
at com.ScreenshotfailTest.FailedTestScreenDemo.setUp(FailedTestScreenDemo.java:17)
at com.ScreenshotfailTest.FailedTestScreenDemo.setUp(FailedTestScreenDemo.java:17)
at com.ScreenshotfailTest.FailedTestScreenDemo.setUp(FailedTestScreenDemo.java:17)
at com.ScreenshotfailTest.FailedTestScreenDemo.setUp(FailedTestScreenDemo.java:17)
at com.ScreenshotfailTest.FailedTestScreenDemo.setUp(FailedTestScreenDemo.java:17)
at com.ScreenshotfailTest.FailedTestScreenDemo.setUp(FailedTestScreenDemo.java:17)
at com.ScreenshotfailTest.FailedTestScreenDemo.setUp(FailedTestScreenDemo.java:17)
at com.ScreenshotfailTest.FailedTestScreenDemo.setUp(FailedTestScreenDemo.java:17)
at com.ScreenshotfailTest.FailedTestScreenDemo.setUp(FailedTestScreenDemo.java:17)
at com.ScreenshotfailTest.FailedTestScreenDemo.setUp(FailedTestScreenDemo.java:17)
at com.ScreenshotfailTest.FailedTestScreenDemo.setUp(FailedTestScreenDemo.java:17)
at com.ScreenshotfailTest.FailedTestScreenDemo.setUp(FailedTestScreenDemo.java:17)
at com.ScreenshotfailTest.FailedTestScreenDemo.setUp(FailedTestScreenDemo.java:17)
at com.ScreenshotfailTest.FailedTestScreenDemo.setUp(FailedTestScreenDemo.java:17)
at com.ScreenshotfailTest.FailedTestScreenDemo.setUp(FailedTestScreenDemo.java:17)
at com.ScreenshotfailTest.FailedTestScreenDemo.setUp(FailedTestScreenDemo.java:17)
at com.ScreenshotfailTest.FailedTestScreenDemo.setUp(FailedTestScreenDemo.java:17)
at com.ScreenshotfailTest.FailedTestScreenDemo.setUp(FailedTestScreenDemo.java:17)
at com.ScreenshotfailTest.FailedTestScreenDemo.setUp(FailedTestScreenDemo.java:17)
at com.ScreenshotfailTest.FailedTestScreenDemo.setUp(FailedTestScreenDemo.java:17)
at com.ScreenshotfailTest.FailedTestScreenDemo.setUp(FailedTestScreenDemo.java:17)
at com.ScreenshotfailTest.FailedTestScreenDemo.setUp(FailedTestScreenDemo.java:17)
at com.ScreenshotfailTest.FailedTestScreenDemo.setUp(FailedTestScreenDemo.java:17)
at com.ScreenshotfailTest.FailedTestScreenDemo.setUp(FailedTestScreenDemo.java:17)
at com.ScreenshotfailTest.FailedTestScreenDemo.setUp(FailedTestScreenDemo.java:17)
at com.ScreenshotfailTest.FailedTestScreenDemo.setUp(FailedTestScreenDemo.java:17)
at com.ScreenshotfailTest.FailedTestScreenDemo.setUp(FailedTestScreenDemo.java:17)
at com.ScreenshotfailTest.FailedTestScreenDemo.setUp(FailedTestScreenDemo.java:17)
at com.ScreenshotfailTest.FailedTestScreenDemo.setUp(FailedTestScreenDemo.java:17)
at com.ScreenshotfailTest.FailedTestScreenDemo.setUp(FailedTestScreenDemo.java:17)
at com.ScreenshotfailTest.FailedTestScreenDemo.setUp(FailedTestScreenDemo.java:17)
at com.ScreenshotfailTest.FailedTestScreenDemo.setUp(FailedTestScreenDemo.java:17)
at com.ScreenshotfailTest.FailedTestScreenDemo.setUp(FailedTestScreenDemo.java:17)
at com.ScreenshotfailTest.FailedTestScreenDemo.setUp(FailedTestScreenDemo.java:17)
at com.ScreenshotfailTest.FailedTestScreenDemo.setUp(FailedTestScreenDemo.java:17)
at com.ScreenshotfailTest.FailedTestScreenDemo.setUp(FailedTestScreenDemo.java:17)
at com.ScreenshotfailTest.FailedTestScreenDemo.setUp(FailedTestScreenDemo.java:17)
at com.ScreenshotfailTest.FailedTestScreenDemo.setUp(FailedTestScreenDemo.java:17)
at com.ScreenshotfailTest.FailedTestScreenDemo.setUp(FailedTestScreenDemo.java:17)
at com.ScreenshotfailTest.FailedTestScreenDemo.setUp(FailedTestScreenDemo.java:17)
at com.ScreenshotfailTest.FailedTestScreenDemo.setUp(FailedTestScreenDemo.java:17)
at com.ScreenshotfailTest.FailedTestScreenDemo.setUp(FailedTestScreenDemo.java:17)
at com.ScreenshotfailTest.FailedTestScreenDemo.setUp(FailedTestScreenDemo.java:17)
at com.ScreenshotfailTest.FailedTestScreenDemo.setUp(FailedTestScreenDemo.java:17)
at com.ScreenshotfailTest.FailedTestScreenDemo.setUp(FailedTestScreenDemo.java:17)
at com.ScreenshotfailTest.FailedTestScreenDemo.setUp(FailedTestScreenDemo.java:17)
at com.ScreenshotfailTest.FailedTestScreenDemo.setUp(FailedTestScreenDemo.java:17)
at com.ScreenshotfailTest.FailedTestScreenDemo.setUp(FailedTestScreenDemo.java:17)
at com.ScreenshotfailTest.FailedTestScreenDemo.setUp(FailedTestScreenDemo.java:17)
at com.ScreenshotfailTest.FailedTestScreenDemo.setUp(FailedTestScreenDemo.java:17)
at com.ScreenshotfailTest.FailedTestScreenDemo.setUp(FailedTestScreenDemo.java:17)
at com.ScreenshotfailTest.FailedTestScreenDemo.setUp(FailedTestScreenDemo.java:17)
at com.ScreenshotfailTest.FailedTestScreenDemo.setUp(FailedTestScreenDemo.java:17)
at com.ScreenshotfailTest.FailedTestScreenDemo.setUp(FailedTestScreenDemo.java:17)
at com.ScreenshotfailTest.FailedTestScreenDemo.setUp(FailedTestScreenDemo.java:17)
at com.ScreenshotfailTest.FailedTestScreenDemo.setUp(FailedTestScreenDemo.java:17)
at com.ScreenshotfailTest.FailedTestScreenDemo.setUp(FailedTestScreenDemo.java:17)
at com.ScreenshotfailTest.FailedTestScreenDemo.setUp(FailedTestScreenDemo.java:17)
at com.ScreenshotfailTest.FailedTestScreenDemo.setUp(FailedTestScreenDemo.java:17)
at com.ScreenshotfailTest.FailedTestScreenDemo.setUp(FailedTestScreenDemo.java:17)
at com.ScreenshotfailTest.FailedTestScreenDemo.setUp(FailedTestScreenDemo.java:17)
at com.ScreenshotfailTest.FailedTestScreenDemo.setUp(FailedTestScreenDemo.java:17)
at com.ScreenshotfailTest.FailedTestScreenDemo.setUp(FailedTestScreenDemo.java:17)
at com.ScreenshotfailTest.FailedTestScreenDemo.setUp(FailedTestScreenDemo.java:17)
at com.ScreenshotfailTest.FailedTestScreenDemo.setUp(FailedTestScreenDemo.java:17)
at com.ScreenshotfailTest.FailedTestScreenDemo.setUp(FailedTestScreenDemo.java:17)
at com.ScreenshotfailTest.FailedTestScreenDemo.setUp(FailedTestScreenDemo.java:17)
at com.ScreenshotfailTest.FailedTestScreenDemo.setUp(FailedTestScreenDemo.java:17)
at com.ScreenshotfailTest.FailedTestScreenDemo.setUp(FailedTestScreenDemo.java:17)
at com.ScreenshotfailTest.FailedTestScreenDemo.setUp(FailedTestScreenDemo.java:17)
at com.ScreenshotfailTest.FailedTestScreenDemo.setUp(FailedTestScreenDemo.java:17)
at com.ScreenshotfailTest.FailedTestScreenDemo.setUp(FailedTestScreenDemo.java:17)
at com.ScreenshotfailTest.FailedTestScreenDemo.setUp(FailedTestScreenDemo.java:17)
at com.ScreenshotfailTest.FailedTestScreenDemo.setUp(FailedTestScreenDemo.java:17)
at com.ScreenshotfailTest.FailedTestScreenDemo.setUp(FailedTestScreenDemo.java:17)
at com.ScreenshotfailTest.FailedTestScreenDemo.setUp(FailedTestScreenDemo.java:17)
at com.ScreenshotfailTest.FailedTestScreenDemo.setUp(FailedTestScreenDemo.java:17)
at com.ScreenshotfailTest.FailedTestScreenDemo.setUp(FailedTestScreenDemo.java:17)
at com.ScreenshotfailTest.FailedTestScreenDemo.setUp(FailedTestScreenDemo.java:17)
at com.ScreenshotfailTest.FailedTestScreenDemo.setUp(FailedTestScreenDemo.java:17)
at com.ScreenshotfailTest.FailedTestScreenDemo.setUp(FailedTestScreenDemo.java:17)
at com.ScreenshotfailTest.FailedTestScreenDemo.setUp(FailedTestScreenDemo.java:17)
at com.ScreenshotfailTest.FailedTestScreenDemo.setUp(FailedTestScreenDemo.java:17)
at com.ScreenshotfailTest.FailedTestScreenDemo.setUp(FailedTestScreenDemo.java:17)
at com.ScreenshotfailTest.FailedTestScreenDemo.setUp(FailedTestScreenDemo.java:17)
at com.ScreenshotfailTest.FailedTestScreenDemo.setUp(FailedTestScreenDemo.java:17)
at com.ScreenshotfailTest.FailedTestScreenDemo.setUp(FailedTestScreenDemo.java:17)
at com.ScreenshotfailTest.FailedTestScreenDemo.setUp(FailedTestScreenDemo.java:17)
at com.ScreenshotfailTest.FailedTestScreenDemo.setUp(FailedTestScreenDemo.java:17)
at com.ScreenshotfailTest.FailedTestScreenDemo.setUp(FailedTestScreenDemo.java:17)
at com.ScreenshotfailTest.FailedTestScreenDemo.setUp(FailedTestScreenDemo.java:17)
at com.ScreenshotfailTest.FailedTestScreenDemo.setUp(FailedTestScreenDemo.java:17)
at com.ScreenshotfailTest.FailedTestScreenDemo.setUp(FailedTestScreenDemo.java:17)
at com.ScreenshotfailTest.FailedTestScreenDemo.setUp(FailedTestScreenDemo.java:17)
at com.ScreenshotfailTest.FailedTestScreenDemo.setUp(FailedTestScreenDemo.java:17)
at com.ScreenshotfailTest.FailedTestScreenDemo.setUp(FailedTestScreenDemo.java:17)
at com.ScreenshotfailTest.FailedTestScreenDemo.setUp(FailedTestScreenDemo.java:17)
at com.ScreenshotfailTest.FailedTestScreenDemo.setUp(FailedTestScreenDemo.java:17)
at com.ScreenshotfailTest.FailedTestScreenDemo.setUp(FailedTestScreenDemo.java:17)
at com.ScreenshotfailTest.FailedTestScreenDemo.setUp(FailedTestScreenDemo.java:17)
at com.ScreenshotfailTest.FailedTestScreenDemo.setUp(FailedTestScreenDemo.java:17)
at com.ScreenshotfailTest.FailedTestScreenDemo.setUp(FailedTestScreenDemo.java:17)
at com.ScreenshotfailTest.FailedTestScreenDemo.setUp(FailedTestScreenDemo.java:17)
at com.ScreenshotfailTest.FailedTestScreenDemo.setUp(FailedTestScreenDemo.java:17)
at com.ScreenshotfailTest.FailedTestScreenDemo.setUp(FailedTestScreenDemo.java:17)
at com.ScreenshotfailTest.FailedTestScreenDemo.setUp(FailedTestScreenDemo.java:17)
at com.ScreenshotfailTest.FailedTestScreenDemo.setUp(FailedTestScreenDemo.java:17)
at com.ScreenshotfailTest.FailedTestScreenDemo.setUp(FailedTestScreenDemo.java:17)
at com.ScreenshotfailTest.FailedTestScreenDemo.setUp(FailedTestScreenDemo.java:17)
at com.ScreenshotfailTest.FailedTestScreenDemo.setUp(FailedTestScreenDemo.java:17)
at com.ScreenshotfailTest.FailedTestScreenDemo.setUp(FailedTestScreenDemo.java:17)
at com.ScreenshotfailTest.FailedTestScreenDemo.setUp(FailedTestScreenDemo.java:17)
at com.ScreenshotfailTest.FailedTestScreenDemo.setUp(FailedTestScreenDemo.java:17)
at com.ScreenshotfailTest.FailedTestScreenDemo.setUp(FailedTestScreenDemo.java:17)
at com.ScreenshotfailTest.FailedTestScreenDemo.setUp(FailedTestScreenDemo.java:17)
at com.ScreenshotfailTest.FailedTestScreenDemo.setUp(FailedTestScreenDemo.java:17)
at com.ScreenshotfailTest.FailedTestScreenDemo.setUp(FailedTestScreenDemo.java:17)
at com.ScreenshotfailTest.FailedTestScreenDemo.setUp(FailedTestScreenDemo.java:17)
at com.ScreenshotfailTest.FailedTestScreenDemo.setUp(FailedTestScreenDemo.java:17)
at com.ScreenshotfailTest.FailedTestScreenDemo.setUp(FailedTestScreenDemo.java:17)
at com.ScreenshotfailTest.FailedTestScreenDemo.setUp(FailedTestScreenDemo.java:17)
at com.ScreenshotfailTest.FailedTestScreenDemo.setUp(FailedTestScreenDemo.java:17)
at com.ScreenshotfailTest.FailedTestScreenDemo.setUp(FailedTestScreenDemo.java:17)
at com.ScreenshotfailTest.FailedTestScreenDemo.setUp(FailedTestScreenDemo.java:17)
at com.ScreenshotfailTest.FailedTestScreenDemo.setUp(FailedTestScreenDemo.java:17)
at com.ScreenshotfailTest.FailedTestScreenDemo.setUp(FailedTestScreenDemo.java:17)
at com.ScreenshotfailTest.FailedTestScreenDemo.setUp(FailedTestScreenDemo.java:17)
at com.ScreenshotfailTest.FailedTestScreenDemo.setUp(FailedTestScreenDemo.java:17)
at com.ScreenshotfailTest.FailedTestScreenDemo.setUp(FailedTestScreenDemo.java:17)
at com.ScreenshotfailTest.FailedTestScreenDemo.setUp(FailedTestScreenDemo.java:17)
at com.ScreenshotfailTest.FailedTestScreenDemo.setUp(FailedTestScreenDemo.java:17)
at com.ScreenshotfailTest.FailedTestScreenDemo.setUp(FailedTestScreenDemo.java:17)
at com.ScreenshotfailTest.FailedTestScreenDemo.setUp(FailedTestScreenDemo.java:17)
at com.ScreenshotfailTest.FailedTestScreenDemo.setUp(FailedTestScreenDemo.java:17)
at com.ScreenshotfailTest.FailedTestScreenDemo.setUp(FailedTestScreenDemo.java:17)
at com.ScreenshotfailTest.FailedTestScreenDemo.setUp(FailedTestScreenDemo.java:17)
at com.ScreenshotfailTest.FailedTestScreenDemo.setUp(FailedTestScreenDemo.java:17)
at com.ScreenshotfailTest.FailedTestScreenDemo.setUp(FailedTestScreenDemo.java:17)
at com.ScreenshotfailTest.FailedTestScreenDemo.setUp(FailedTestScreenDemo.java:17)
at com.ScreenshotfailTest.FailedTestScreenDemo.setUp(FailedTestScreenDemo.java:17)
at com.ScreenshotfailTest.FailedTestScreenDemo.setUp(FailedTestScreenDemo.java:17)
at com.ScreenshotfailTest.FailedTestScreenDemo.setUp(FailedTestScreenDemo.java:17)
at com.ScreenshotfailTest.FailedTestScreenDemo.setUp(FailedTestScreenDemo.java:17)
at com.ScreenshotfailTest.FailedTestScreenDemo.setUp(FailedTestScreenDemo.java:17)
at com.ScreenshotfailTest.FailedTestScreenDemo.setUp(FailedTestScreenDemo.java:17)
at com.ScreenshotfailTest.FailedTestScreenDemo.setUp(FailedTestScreenDemo.java:17)
at com.ScreenshotfailTest.FailedTestScreenDemo.setUp(FailedTestScreenDemo.java:17)
at com.ScreenshotfailTest.FailedTestScreenDemo.setUp(FailedTestScreenDemo.java:17)
at com.ScreenshotfailTest.FailedTestScreenDemo.setUp(FailedTestScreenDemo.java:17)
at com.ScreenshotfailTest.FailedTestScreenDemo.setUp(FailedTestScreenDemo.java:17)
at com.ScreenshotfailTest.FailedTestScreenDemo.setUp(FailedTestScreenDemo.java:17)
at com.ScreenshotfailTest.FailedTestScreenDemo.setUp(FailedTestScreenDemo.java:17)
at com.ScreenshotfailTest.FailedTestScreenDemo.setUp(FailedTestScreenDemo.java:17)
at com.ScreenshotfailTest.FailedTestScreenDemo.setUp(FailedTestScreenDemo.java:17)
at com.ScreenshotfailTest.FailedTestScreenDemo.setUp(FailedTestScreenDemo.java:17)
at com.ScreenshotfailTest.FailedTestScreenDemo.setUp(FailedTestScreenDemo.java:17)
at com.ScreenshotfailTest.FailedTestScreenDemo.setUp(FailedTestScreenDemo.java:17)
at com.ScreenshotfailTest.FailedTestScreenDemo.setUp(FailedTestScreenDemo.java:17)
at com.ScreenshotfailTest.FailedTestScreenDemo.setUp(FailedTestScreenDemo.java:17)
at com.ScreenshotfailTest.FailedTestScreenDemo.setUp(FailedTestScreenDemo.java:17)
at com.ScreenshotfailTest.FailedTestScreenDemo.setUp(FailedTestScreenDemo.java:17)
at com.ScreenshotfailTest.FailedTestScreenDemo.setUp(FailedTestScreenDemo.java:17)
at com.ScreenshotfailTest.FailedTestScreenDemo.setUp(FailedTestScreenDemo.java:17)
at com.ScreenshotfailTest.FailedTestScreenDemo.setUp(FailedTestScreenDemo.java:17)
at com.ScreenshotfailTest.FailedTestScreenDemo.setUp(FailedTestScreenDemo.java:17)
at com.ScreenshotfailTest.FailedTestScreenDemo.setUp(FailedTestScreenDemo.java:17)
at com.ScreenshotfailTest.FailedTestScreenDemo.setUp(FailedTestScreenDemo.java:17)
at com.ScreenshotfailTest.FailedTestScreenDemo.setUp(FailedTestScreenDemo.java:17)
at com.ScreenshotfailTest.FailedTestScreenDemo.setUp(FailedTestScreenDemo.java:17)
at com.ScreenshotfailTest.FailedTestScreenDemo.setUp(FailedTestScreenDemo.java:17)
at com.ScreenshotfailTest.FailedTestScreenDemo.setUp(FailedTestScreenDemo.java:17)
at com.ScreenshotfailTest.FailedTestScreenDemo.setUp(FailedTestScreenDemo.java:17)
at com.ScreenshotfailTest.FailedTestScreenDemo.setUp(FailedTestScreenDemo.java:17)
at com.ScreenshotfailTest.FailedTestScreenDemo.setUp(FailedTestScreenDemo.java:17)
at com.ScreenshotfailTest.FailedTestScreenDemo.setUp(FailedTestScreenDemo.java:17)
at com.ScreenshotfailTest.FailedTestScreenDemo.setUp(FailedTestScreenDemo.java:17)
at com.ScreenshotfailTest.FailedTestScreenDemo.setUp(FailedTestScreenDemo.java:17)
at com.ScreenshotfailTest.FailedTestScreenDemo.setUp(FailedTestScreenDemo.java:17)
at com.ScreenshotfailTest.FailedTestScreenDemo.setUp(FailedTestScreenDemo.java:17)
at com.ScreenshotfailTest.FailedTestScreenDemo.setUp(FailedTestScreenDemo.java:17)
at com.ScreenshotfailTest.FailedTestScreenDemo.setUp(FailedTestScreenDemo.java:17)
at com.ScreenshotfailTest.FailedTestScreenDemo.setUp(FailedTestScreenDemo.java:17)
at com.ScreenshotfailTest.FailedTestScreenDemo.setUp(FailedTestScreenDemo.java:17)
at com.ScreenshotfailTest.FailedTestScreenDemo.setUp(FailedTestScreenDemo.java:17)
at com.ScreenshotfailTest.FailedTestScreenDemo.setUp(FailedTestScreenDemo.java:17)
at com.ScreenshotfailTest.FailedTestScreenDemo.setUp(FailedTestScreenDemo.java:17)
at com.ScreenshotfailTest.FailedTestScreenDemo.setUp(FailedTestScreenDemo.java:17)
at com.ScreenshotfailTest.FailedTestScreenDemo.setUp(FailedTestScreenDemo.java:17)
at com.ScreenshotfailTest.FailedTestScreenDemo.setUp(FailedTestScreenDemo.java:17)
at com.ScreenshotfailTest.FailedTestScreenDemo.setUp(FailedTestScreenDemo.java:17)
at com.ScreenshotfailTest.FailedTestScreenDemo.setUp(FailedTestScreenDemo.java:17)
at com.ScreenshotfailTest.FailedTestScreenDemo.setUp(FailedTestScreenDemo.java:17)
at com.ScreenshotfailTest.FailedTestScreenDemo.setUp(FailedTestScreenDemo.java:17)
at com.ScreenshotfailTest.FailedTestScreenDemo.setUp(FailedTestScreenDemo.java:17)
at com.ScreenshotfailTest.FailedTestScreenDemo.setUp(FailedTestScreenDemo.java:17)
at com.ScreenshotfailTest.FailedTestScreenDemo.setUp(FailedTestScreenDemo.java:17)
at com.ScreenshotfailTest.FailedTestScreenDemo.setUp(FailedTestScreenDemo.java:17)
at com.ScreenshotfailTest.FailedTestScreenDemo.setUp(FailedTestScreenDemo.java:17)
at com.ScreenshotfailTest.FailedTestScreenDemo.setUp(FailedTestScreenDemo.java:17)
at com.ScreenshotfailTest.FailedTestScreenDemo.setUp(FailedTestScreenDemo.java:17)
at com.ScreenshotfailTest.FailedTestScreenDemo.setUp(FailedTestScreenDemo.java:17)
at com.ScreenshotfailTest.FailedTestScreenDemo.setUp(FailedTestScreenDemo.java:17)
at com.ScreenshotfailTest.FailedTestScreenDemo.setUp(FailedTestScreenDemo.java:17)
at com.ScreenshotfailTest.FailedTestScreenDemo.setUp(FailedTestScreenDemo.java:17)
at com.ScreenshotfailTest.FailedTestScreenDemo.setUp(FailedTestScreenDemo.java:17)
at com.ScreenshotfailTest.FailedTestScreenDemo.setUp(FailedTestScreenDemo.java:17)
at com.ScreenshotfailTest.FailedTestScreenDemo.setUp(FailedTestScreenDemo.java:17)
at com.ScreenshotfailTest.FailedTestScreenDemo.setUp(FailedTestScreenDemo.java:17)
at com.ScreenshotfailTest.FailedTestScreenDemo.setUp(FailedTestScreenDemo.java:17)
at com.ScreenshotfailTest.FailedTestScreenDemo.setUp(FailedTestScreenDemo.java:17)
at com.ScreenshotfailTest.FailedTestScreenDemo.setUp(FailedTestScreenDemo.java:17)
at com.ScreenshotfailTest.FailedTestScreenDemo.setUp(FailedTestScreenDemo.java:17)
at com.ScreenshotfailTest.FailedTestScreenDemo.setUp(FailedTestScreenDemo.java:17)
at com.ScreenshotfailTest.FailedTestScreenDemo.setUp(FailedTestScreenDemo.java:17)
at com.ScreenshotfailTest.FailedTestScreenDemo.setUp(FailedTestScreenDemo.java:17)
at com.ScreenshotfailTest.FailedTestScreenDemo.setUp(FailedTestScreenDemo.java:17)
at com.ScreenshotfailTest.FailedTestScreenDemo.setUp(FailedTestScreenDemo.java:17)
at com.ScreenshotfailTest.FailedTestScreenDemo.setUp(FailedTestScreenDemo.java:17)
at com.ScreenshotfailTest.FailedTestScreenDemo.setUp(FailedTestScreenDemo.java:17)
]]>
    </error>
  </testcase> <!-- setUp -->
  <system-out/>
  <testcase classname="com.ScreenshotfailTest.FailedTestScreenDemo" name="testFailedTestScreenshot" time="0.000">
    <skipped/>
  </testcase> <!-- testFailedTestScreenshot -->
  <system-out/>
</testsuite> <!-- com.ScreenshotfailTest.FailedTestScreenDemo -->
