<?xml version="1.0" encoding="UTF-8"?>
<!-- Generated by org.testng.reporters.JUnitReportReporter -->
<testsuite hostname="LAPTOP-PG23OKAD" failures="0" tests="1" name="com.CompareStrings.PrintDataList" time="14.896" errors="0" timestamp="2022-03-07T16:20:35 IST" skipped="0">
  <testcase classname="com.CompareStrings.PrintDataList" name="test" time="14.896"/>
  <system-out/>
</testsuite> <!-- com.CompareStrings.PrintDataList -->
