<?xml version="1.0" encoding="UTF-8"?>
<!-- Generated by org.testng.reporters.JUnitReportReporter -->
<testsuite hostname="LAPTOP-PG23OKAD" failures="0" tests="4" name="com.SikuliDemo.UploadFileSikuli" time="9.948" errors="0" timestamp="2022-03-17T06:59:02 IST" skipped="3">
  <testcase classname="com.SikuliDemo.UploadFileSikuli" name="fileUploadRobot" time="9.948"/>
  <system-out/>
  <testcase classname="com.SikuliDemo.UploadFileSikuli" name="fileUpload">
    <skipped/>
  </testcase> <!-- fileUpload -->
  <system-out/>
  <testcase classname="com.SikuliDemo.UploadFileSikuli" name="sendKeysUploadFile2">
    <skipped/>
  </testcase> <!-- sendKeysUploadFile2 -->
  <system-out/>
  <testcase classname="com.SikuliDemo.UploadFileSikuli" name="sendKeysUploadFile">
    <skipped/>
  </testcase> <!-- sendKeysUploadFile -->
  <system-out/>
</testsuite> <!-- com.SikuliDemo.UploadFileSikuli -->
