<?xml version="1.0" encoding="UTF-8"?>
<!-- Generated by org.testng.reporters.JUnitReportReporter -->
<testsuite hostname="LAPTOP-PG23OKAD" failures="0" tests="1" name="com.RadioButton.RadioButtondemo" time="9.165" errors="0" timestamp="2022-03-11T18:17:27 IST" skipped="0">
  <testcase classname="com.RadioButton.RadioButtondemo" name="test" time="9.165"/>
  <system-out/>
</testsuite> <!-- com.RadioButton.RadioButtondemo -->
