<?xml version="1.0" encoding="UTF-8"?>
<!-- Generated by org.testng.reporters.JUnitReportReporter -->
<testsuite hostname="LAPTOP-PG23OKAD" failures="0" tests="1" name="com.CreateUser.PrintRating" time="9.137" errors="0" timestamp="2022-03-18T17:06:24 IST" skipped="0">
  <testcase classname="com.CreateUser.PrintRating" name="flow" time="9.137"/>
  <system-out/>
</testsuite> <!-- com.CreateUser.PrintRating -->
