<?xml version="1.0" encoding="UTF-8"?>
<!-- Generated by org.testng.reporters.JUnitReportReporter -->
<testsuite hostname="LAPTOP-PG23OKAD" failures="0" tests="2" name="com.AnnotationsAfterbefore.MultipleGroups" time="9.326" errors="0" timestamp="2022-02-28T19:36:34 IST" skipped="0">
  <testcase classname="com.AnnotationsAfterbefore.MultipleGroups" name="LoginMethod" time="9.324"/>
  <system-out/>
  <testcase classname="com.AnnotationsAfterbefore.MultipleGroups" name="testMethod1" time="0.002"/>
  <system-out/>
</testsuite> <!-- com.AnnotationsAfterbefore.MultipleGroups -->
