<?xml version="1.0" encoding="UTF-8"?>
<!-- Generated by org.testng.reporters.JUnitReportReporter -->
<testsuite hostname="LAPTOP-PG23OKAD" failures="0" tests="1" name="com.screenshot.gmailscreenshot" time="9.411" errors="0" timestamp="2022-03-25T11:29:10 IST" skipped="0">
  <testcase classname="com.screenshot.gmailscreenshot" name="gmail" time="9.411"/>
  <system-out/>
</testsuite> <!-- com.screenshot.gmailscreenshot -->
