<?xml version="1.0" encoding="UTF-8"?>
<!-- Generated by org.testng.reporters.JUnitReportReporter -->
<testsuite hostname="LAPTOP-PG23OKAD" failures="0" tests="1" name="com.PrintListData.Javatpoint" time="4.261" errors="0" timestamp="2022-03-09T17:13:15 IST" skipped="0">
  <testcase classname="com.PrintListData.Javatpoint" name="PrintData" time="4.261"/>
  <system-out/>
</testsuite> <!-- com.PrintListData.Javatpoint -->
