<?xml version="1.0" encoding="UTF-8"?>
<!-- Generated by org.testng.reporters.JUnitReportReporter -->
<testsuite hostname="LAPTOP-PG23OKAD" failures="0" tests="1" name="com.ScreenshotfailTest.Parent1" time="3.541" errors="0" timestamp="2022-03-01T13:50:01 IST" skipped="0">
  <testcase classname="com.ScreenshotfailTest.Parent1" name="SetupBrowser" time="3.541"/>
  <system-out/>
</testsuite> <!-- com.ScreenshotfailTest.Parent1 -->
