<?xml version="1.0" encoding="UTF-8"?>
<!-- Generated by org.testng.reporters.JUnitReportReporter -->
<testsuite hostname="LAPTOP-PG23OKAD" failures="0" tests="1" name="com.interviews.Ebay" time="16.960" errors="0" timestamp="2022-05-13T11:49:33 IST" skipped="0">
  <testcase classname="com.interviews.Ebay" name="EbayLaunch" time="16.960"/>
  <system-out/>
</testsuite> <!-- com.interviews.Ebay -->
