<?xml version="1.0" encoding="UTF-8"?>
<!-- Generated by org.testng.reporters.JUnitReportReporter -->
<testsuite hostname="LAPTOP-PG23OKAD" failures="0" tests="1" name="com.CreateUser.PrintDataHRM" time="16.647" errors="0" timestamp="2022-03-20T19:27:10 IST" skipped="0">
  <testcase classname="com.CreateUser.PrintDataHRM" name="flow" time="16.647"/>
  <system-out/>
</testsuite> <!-- com.CreateUser.PrintDataHRM -->
