<?xml version="1.0" encoding="UTF-8"?>
<!-- Generated by org.testng.reporters.JUnitReportReporter -->
<testsuite hostname="LAPTOP-PG23OKAD" failures="0" tests="1" name="com.CreateUser.PrintEachElement" time="9.390" errors="0" timestamp="2022-03-20T21:18:00 IST" skipped="0">
  <testcase classname="com.CreateUser.PrintEachElement" name="test" time="9.390"/>
  <system-out/>
</testsuite> <!-- com.CreateUser.PrintEachElement -->
