<?xml version="1.0" encoding="UTF-8"?>
<!-- Generated by org.testng.reporters.JUnitReportReporter -->
<testsuite hostname="LAPTOP-PG23OKAD" failures="0" tests="1" name="com.CreateUser.PrintUserData" time="27.227" errors="0" timestamp="2022-03-20T21:48:03 IST" skipped="0">
  <testcase classname="com.CreateUser.PrintUserData" name="flow" time="27.227"/>
  <system-out/>
</testsuite> <!-- com.CreateUser.PrintUserData -->
