<?xml version="1.0" encoding="UTF-8"?>
<!-- Generated by org.testng.reporters.JUnitReportReporter -->
<testsuite hostname="LAPTOP-PG23OKAD" failures="0" tests="1" name="com.CreateUser.PrintMovieRating" time="15.447" errors="0" timestamp="2022-04-01T12:43:16 IST" skipped="0">
  <testcase classname="com.CreateUser.PrintMovieRating" name="flow" time="15.447"/>
  <system-out/>
</testsuite> <!-- com.CreateUser.PrintMovieRating -->
