<?xml version="1.0" encoding="UTF-8"?>
<!-- Generated by org.testng.reporters.JUnitReportReporter -->
<testsuite hostname="LAPTOP-PG23OKAD" failures="0" tests="1" name="com.AnnotationsAfterbefore.TestAnnotationsWeb" time="24.287" errors="0" timestamp="2022-02-28T14:15:40 IST" skipped="0">
  <testcase classname="com.AnnotationsAfterbefore.TestAnnotationsWeb" name="LoginMethod" time="24.287"/>
  <system-out/>
</testsuite> <!-- com.AnnotationsAfterbefore.TestAnnotationsWeb -->
