<?xml version="1.0" encoding="UTF-8"?>
<!-- Generated by org.testng.reporters.JUnitReportReporter -->
<testsuite hostname="LAPTOP-PG23OKAD" failures="0" tests="1" name="com.SoftAssertDemo.SoftAssert" time="9.379" errors="0" timestamp="2022-03-18T15:55:25 IST" skipped="0">
  <testcase classname="com.SoftAssertDemo.SoftAssert" name="test" time="9.379"/>
  <system-out/>
</testsuite> <!-- com.SoftAssertDemo.SoftAssert -->
