<?xml version="1.0" encoding="UTF-8"?>
<!-- Generated by org.testng.reporters.JUnitReportReporter -->
<testsuite hostname="LAPTOP-PG23OKAD" failures="0" tests="1" name="com.Actionsjava.ActionsDemoGmail" time="8.987" errors="0" timestamp="2022-03-06T17:49:37 IST" skipped="0">
  <testcase classname="com.Actionsjava.ActionsDemoGmail" name="test" time="8.987"/>
  <system-out/>
</testsuite> <!-- com.Actionsjava.ActionsDemoGmail -->
