<?xml version="1.0" encoding="UTF-8"?>
<!-- Generated by org.testng.reporters.JUnitReportReporter -->
<testsuite hostname="LAPTOP-PG23OKAD" failures="0" tests="1" name="com.CompareStrings.AmazonList" time="15.650" errors="0" timestamp="2022-03-09T16:36:09 IST" skipped="0">
  <testcase classname="com.CompareStrings.AmazonList" name="test" time="15.650"/>
  <system-out/>
</testsuite> <!-- com.CompareStrings.AmazonList -->
